{"episode_reward": 0.0, "episode": 1.0, "duration": 123.7505030632019, "step": 500}
{"episode_reward": 12.0, "episode": 2.0, "duration": 11.200729846954346, "step": 1000}
{"episode_reward": 0.0, "episode": 3.0, "batch_reward": 0.011611907938625751, "critic_loss": 0.0538198180601381, "actor_loss": -0.9295539694627205, "alpha_loss": 0.3128424125900261, "alpha_value": 0.09405852039997056, "duration": 489.29873394966125, "step": 1500}
{"episode_reward": 2.0, "episode": 4.0, "batch_reward": 0.00803125, "critic_loss": 0.035275990357156846, "actor_loss": -1.68130686712265, "alpha_loss": 0.293320041179657, "alpha_value": 0.08743074119091034, "duration": 159.20705556869507, "step": 2000}
{"episode_reward": 0.0, "episode": 5.0, "batch_reward": 0.005984375, "critic_loss": 0.02824839040543884, "actor_loss": -1.8505456652641297, "alpha_loss": 0.2857594180107117, "alpha_value": 0.08538247281312943, "duration": 156.5944483280182, "step": 2500}
{"episode_reward": 0.0, "episode": 6.0, "batch_reward": 0.0051875, "critic_loss": 0.024821494438219814, "actor_loss": -2.043390239238739, "alpha_loss": 0.2784045977592468, "alpha_value": 0.08340147542953491, "duration": 155.4765694141388, "step": 3000}
{"episode_reward": 5.0, "episode": 7.0, "batch_reward": 0.0095625, "critic_loss": 0.043501212047412995, "actor_loss": -2.236662648200989, "alpha_loss": 0.27206875586509705, "alpha_value": 0.08147621268033982, "duration": 155.8409662246704, "step": 3500}
{"episode_reward": 12.0, "episode": 8.0, "batch_reward": 0.009109375, "critic_loss": 0.042280964327044784, "actor_loss": -2.397148500442505, "alpha_loss": 0.2657031180858612, "alpha_value": 0.0796052959561348, "duration": 155.44802713394165, "step": 4000}
{"episode_reward": 3.0, "episode": 9.0, "batch_reward": 0.007890625, "critic_loss": 0.03582739961473271, "actor_loss": -2.56856178188324, "alpha_loss": 0.2596915385723114, "alpha_value": 0.07778305849432945, "duration": 156.90093421936035, "step": 4500}
{"episode_reward": 6.0, "episode": 10.0, "batch_reward": 0.013328125, "critic_loss": 0.0640266348188743, "actor_loss": -2.7223104314804076, "alpha_loss": 0.2530828651189804, "alpha_value": 0.07601133453845978, "duration": 157.82942867279053, "step": 5000}
{"episode_reward": 30.0, "episode": 11.0, "batch_reward": 0.013359375, "critic_loss": 0.07293837950192392, "actor_loss": -2.829649634361267, "alpha_loss": 0.2472623403072357, "alpha_value": 0.07428753438591958, "duration": 157.43571090698242, "step": 5500}
{"episode_reward": 0.0, "episode": 12.0, "batch_reward": 0.011390625, "critic_loss": 0.06254111992102117, "actor_loss": -2.941047597885132, "alpha_loss": 0.24108596926927567, "alpha_value": 0.07260750234127045, "duration": 155.71661233901978, "step": 6000}
{"episode_reward": 2.0, "episode": 13.0, "batch_reward": 0.0108125, "critic_loss": 0.056541303101927044, "actor_loss": -3.05733177280426, "alpha_loss": 0.23607826137542726, "alpha_value": 0.07097011423110962, "duration": 157.7450931072235, "step": 6500}
{"episode_reward": 2.0, "episode": 14.0, "batch_reward": 0.013765625, "critic_loss": 0.07445870949886739, "actor_loss": -3.160579888343811, "alpha_loss": 0.23071195143461226, "alpha_value": 0.0693681832253933, "duration": 156.21074295043945, "step": 7000}
{"episode_reward": 14.0, "episode": 15.0, "batch_reward": 0.0128125, "critic_loss": 0.07211273432942107, "actor_loss": -3.268645845413208, "alpha_loss": 0.2243160998225212, "alpha_value": 0.06780664879083634, "duration": 155.62006092071533, "step": 7500}
{"episode_reward": 0.0, "episode": 16.0, "batch_reward": 0.011640625, "critic_loss": 0.08133199239708483, "actor_loss": -3.3725337896347045, "alpha_loss": 0.2176628519296646, "alpha_value": 0.0662930568754673, "duration": 158.8950071334839, "step": 8000}
{"episode_reward": 16.0, "episode": 17.0, "batch_reward": 0.013921875, "critic_loss": 0.08454448812734336, "actor_loss": -3.4404884233474733, "alpha_loss": 0.21106609749794006, "alpha_value": 0.06482254365086555, "duration": 158.480975151062, "step": 8500}
{"episode_reward": 17.0, "episode": 18.0, "batch_reward": 0.014375, "critic_loss": 0.10556713205575943, "actor_loss": -3.5184253625869752, "alpha_loss": 0.2031857437491417, "alpha_value": 0.06339686584472656, "duration": 155.74138188362122, "step": 9000}
{"episode_reward": 0.0, "episode": 19.0, "batch_reward": 0.01496875, "critic_loss": 0.1272320884373039, "actor_loss": -3.602775873184204, "alpha_loss": 0.19291968196630477, "alpha_value": 0.06202432496845722, "duration": 157.79404950141907, "step": 9500}
{"episode_reward": 20.0, "episode": 20.0, "batch_reward": 0.01590625, "critic_loss": 0.12767365528456867, "actor_loss": -3.729478825569153, "alpha_loss": 0.18159939253330232, "alpha_value": 0.06071353755891323, "duration": 156.46590209007263, "step": 10000}
{"episode_reward": 40.0, "episode": 21.0, "batch_reward": 0.016703125, "critic_loss": 0.14295127817615866, "actor_loss": -3.891659736633301, "alpha_loss": 0.1687163035273552, "alpha_value": 0.05947069624066353, "duration": 158.9603714942932, "step": 10500}
{"episode_reward": 31.0, "episode": 22.0, "batch_reward": 0.022875, "critic_loss": 0.16734312050789596, "actor_loss": -4.049289766311645, "alpha_loss": 0.15781079709529877, "alpha_value": 0.058285647958517074, "duration": 156.58453345298767, "step": 11000}
{"episode_reward": 40.0, "episode": 23.0, "batch_reward": 0.024828125, "critic_loss": 0.18753527796268463, "actor_loss": -4.235928932189942, "alpha_loss": 0.14596652656793593, "alpha_value": 0.05715931642055511, "duration": 157.5400595664978, "step": 11500}
{"episode_reward": 79.0, "episode": 24.0, "batch_reward": 0.0313125, "critic_loss": 0.20420216277241707, "actor_loss": -4.463210880279541, "alpha_loss": 0.13590261033177375, "alpha_value": 0.056071931004524234, "duration": 157.1602201461792, "step": 12000}
{"episode_reward": 78.0, "episode": 25.0, "batch_reward": 0.035703125, "critic_loss": 0.2410435318350792, "actor_loss": -4.734990612030029, "alpha_loss": 0.12361147904396057, "alpha_value": 0.055038930669426916, "duration": 157.01268672943115, "step": 12500}
{"episode_reward": 74.0, "episode": 26.0, "batch_reward": 0.043859375, "critic_loss": 0.26423734523355963, "actor_loss": -5.0847692317962645, "alpha_loss": 0.10911296302080155, "alpha_value": 0.054073946118354796, "duration": 156.46094679832458, "step": 13000}
{"episode_reward": 159.0, "episode": 27.0, "batch_reward": 0.055671875, "critic_loss": 0.34901474955677986, "actor_loss": -5.512339679718018, "alpha_loss": 0.09538942001760006, "alpha_value": 0.053193785831332205, "duration": 156.08733129501343, "step": 13500}
{"episode_reward": 207.0, "episode": 28.0, "batch_reward": 0.0690625, "critic_loss": 0.4236673272252083, "actor_loss": -6.034943197250366, "alpha_loss": 0.07638462813198567, "alpha_value": 0.05238600668311119, "duration": 156.41680121421814, "step": 14000}
{"episode_reward": 260.0, "episode": 29.0, "batch_reward": 0.084296875, "critic_loss": 0.49203208717703817, "actor_loss": -6.6982320861816405, "alpha_loss": 0.05189633844792843, "alpha_value": 0.05175406722724438, "duration": 157.00900101661682, "step": 14500}
{"episode_reward": 251.0, "episode": 30.0, "batch_reward": 0.099, "critic_loss": 0.5424789153337478, "actor_loss": -7.6741697807312015, "alpha_loss": 0.03185713320039213, "alpha_value": 0.05131293320655823, "duration": 155.92874717712402, "step": 15000}
{"episode_reward": 236.0, "episode": 31.0, "batch_reward": 0.112609375, "critic_loss": 0.5583948925733566, "actor_loss": -8.648732955932617, "alpha_loss": 0.02742650454165414, "alpha_value": 0.05095962646603584, "duration": 155.83866262435913, "step": 15500}
{"episode_reward": 286.0, "episode": 32.0, "batch_reward": 0.1334375, "critic_loss": 0.5626838106513024, "actor_loss": -9.665407142639161, "alpha_loss": 0.023014374710153787, "alpha_value": 0.0506234604716301, "duration": 157.56213402748108, "step": 16000}
{"episode_reward": 353.0, "episode": 33.0, "batch_reward": 0.14996875, "critic_loss": 0.579507373392582, "actor_loss": -10.66683905029297, "alpha_loss": 0.020212303928099574, "alpha_value": 0.05029864794015884, "duration": 157.27397680282593, "step": 16500}
{"episode_reward": 349.0, "episode": 34.0, "batch_reward": 0.167015625, "critic_loss": 0.6215364730358124, "actor_loss": -11.740172760009767, "alpha_loss": 0.012164583386387677, "alpha_value": 0.050030756935477254, "duration": 157.48667240142822, "step": 17000}
{"episode_reward": 364.0, "episode": 35.0, "batch_reward": 0.17753125, "critic_loss": 0.6219551571905613, "actor_loss": -12.839978992462159, "alpha_loss": 0.00758852556347847, "alpha_value": 0.04985848774015904, "duration": 155.79513025283813, "step": 17500}
{"episode_reward": 341.0, "episode": 36.0, "batch_reward": 0.19871875, "critic_loss": 0.6411604741215706, "actor_loss": -13.994774318695068, "alpha_loss": 0.0030905611242633313, "alpha_value": 0.04972815036773682, "duration": 156.2450361251831, "step": 18000}
{"episode_reward": 353.0, "episode": 37.0, "batch_reward": 0.2044375, "critic_loss": 0.628125094294548, "actor_loss": -15.060186779022217, "alpha_loss": 0.0044618685017339885, "alpha_value": 0.04965744903683662, "duration": 157.11338210105896, "step": 18500}
{"episode_reward": 315.0, "episode": 38.0, "batch_reward": 0.215578125, "critic_loss": 0.6720258236527443, "actor_loss": -16.103531635284423, "alpha_loss": 0.006307903843466193, "alpha_value": 0.04951035293936729, "duration": 156.82743525505066, "step": 19000}
{"episode_reward": 341.0, "episode": 39.0, "batch_reward": 0.232421875, "critic_loss": 0.6947393442988395, "actor_loss": -17.06907371520996, "alpha_loss": 0.006904427652480081, "alpha_value": 0.04931510753929615, "duration": 156.1581814289093, "step": 19500}
{"episode_reward": 369.0, "episode": 40.0, "batch_reward": 0.24325, "critic_loss": 0.7556933834552765, "actor_loss": -18.02295869445801, "alpha_loss": 0.0050401675216853615, "alpha_value": 0.04909545543789864, "duration": 157.07646107673645, "step": 20000}
{"episode_reward": 357.0, "episode": 41.0, "batch_reward": 0.259328125, "critic_loss": 0.8297019906044006, "actor_loss": -19.070905433654787, "alpha_loss": -0.0021336443379987033, "alpha_value": 0.04904709292948246, "duration": 155.17878365516663, "step": 20500}
{"episode_reward": 434.0, "episode": 42.0, "batch_reward": 0.27815625, "critic_loss": 0.8721270815730094, "actor_loss": -20.152830780029298, "alpha_loss": -0.004336361380526796, "alpha_value": 0.0492054450660944, "duration": 156.60196542739868, "step": 21000}
{"episode_reward": 437.0, "episode": 43.0, "batch_reward": 0.28621875, "critic_loss": 0.9178043915629387, "actor_loss": -21.20206049346924, "alpha_loss": -0.005059744013939053, "alpha_value": 0.049404737189412115, "duration": 156.3991367816925, "step": 21500}
{"episode_reward": 412.0, "episode": 44.0, "batch_reward": 0.2980625, "critic_loss": 0.9379345481991768, "actor_loss": -22.253296478271483, "alpha_loss": -0.006357900708913803, "alpha_value": 0.04969435141980648, "duration": 157.0042884349823, "step": 22000}
{"episode_reward": 415.0, "episode": 45.0, "batch_reward": 0.31275, "critic_loss": 0.9536636192798614, "actor_loss": -23.38739560699463, "alpha_loss": -0.007716998950578272, "alpha_value": 0.05014219261705875, "duration": 155.60424041748047, "step": 22500}
{"episode_reward": 390.0, "episode": 46.0, "batch_reward": 0.32228125, "critic_loss": 0.9969854255914689, "actor_loss": -24.402121726989748, "alpha_loss": -0.006480438294121996, "alpha_value": 0.05055554442107677, "duration": 156.19864130020142, "step": 23000}
{"episode_reward": 444.0, "episode": 47.0, "batch_reward": 0.334875, "critic_loss": 1.0374423112869262, "actor_loss": -25.427101875305176, "alpha_loss": -0.007988117590546608, "alpha_value": 0.05109154254198074, "duration": 157.21715784072876, "step": 23500}
{"episode_reward": 506.0, "episode": 48.0, "batch_reward": 0.352453125, "critic_loss": 1.090322172522545, "actor_loss": -26.456375946044922, "alpha_loss": -0.00877893459959887, "alpha_value": 0.05167547622323036, "duration": 157.3022584915161, "step": 24000}
{"episode_reward": 468.0, "episode": 49.0, "batch_reward": 0.362078125, "critic_loss": 1.1517644641399383, "actor_loss": -27.564567779541015, "alpha_loss": -0.010257804406108335, "alpha_value": 0.0524113929271698, "duration": 156.07344150543213, "step": 24500}
{"episode_reward": 451.0, "episode": 50.0, "batch_reward": 0.37809375, "critic_loss": 1.2130798978805541, "actor_loss": -28.671430000305175, "alpha_loss": -0.012105422942899168, "alpha_value": 0.05336176809668541, "duration": 156.70970702171326, "step": 25000}
{"episode_reward": 531.0, "episode": 51.0, "batch_reward": 0.3915, "critic_loss": 1.2919159532785416, "actor_loss": -29.69178839111328, "alpha_loss": -0.013362413380295039, "alpha_value": 0.05436887496709824, "duration": 157.90403389930725, "step": 25500}
{"episode_reward": 484.0, "episode": 52.0, "batch_reward": 0.392890625, "critic_loss": 1.3673832306861877, "actor_loss": -30.800698165893554, "alpha_loss": -0.0151877376944758, "alpha_value": 0.05563172663748264, "duration": 157.16260242462158, "step": 26000}
{"episode_reward": 435.0, "episode": 53.0, "batch_reward": 0.406609375, "critic_loss": 1.4338892701864243, "actor_loss": -31.98600196838379, "alpha_loss": -0.01453726756433025, "alpha_value": 0.05685174937546253, "duration": 157.63435816764832, "step": 26500}
{"episode_reward": 504.0, "episode": 54.0, "batch_reward": 0.423578125, "critic_loss": 1.4880988417863845, "actor_loss": -33.14746954345703, "alpha_loss": -0.015767091177403925, "alpha_value": 0.0581128331720829, "duration": 157.22689056396484, "step": 27000}
{"episode_reward": 548.0, "episode": 55.0, "batch_reward": 0.42878125, "critic_loss": 1.579363845348358, "actor_loss": -34.306122665405276, "alpha_loss": -0.016597355442121625, "alpha_value": 0.059387373983860015, "duration": 156.30369114875793, "step": 27500}
{"episode_reward": 558.0, "episode": 56.0, "batch_reward": 0.44296875, "critic_loss": 1.648076049923897, "actor_loss": -35.53822732543945, "alpha_loss": -0.02075025898357853, "alpha_value": 0.06095973600447178, "duration": 157.213684797287, "step": 28000}
{"episode_reward": 560.0, "episode": 57.0, "batch_reward": 0.456234375, "critic_loss": 1.7041824235916139, "actor_loss": -36.71024124145508, "alpha_loss": -0.017596439781133087, "alpha_value": 0.062436798468232156, "duration": 156.5285038948059, "step": 28500}
{"episode_reward": 472.0, "episode": 58.0, "batch_reward": 0.46284375, "critic_loss": 1.8359153170585631, "actor_loss": -37.87457879638672, "alpha_loss": -0.02015236951969564, "alpha_value": 0.06390857437252999, "duration": 155.59945011138916, "step": 29000}
{"episode_reward": 526.0, "episode": 59.0, "batch_reward": 0.47728125, "critic_loss": 1.7986086213588715, "actor_loss": -39.046172561645506, "alpha_loss": -0.016894649220630525, "alpha_value": 0.06531699565052985, "duration": 157.045889377594, "step": 29500}
{"episode_reward": 556.0, "episode": 60.0, "batch_reward": 0.484703125, "critic_loss": 1.8112280676364898, "actor_loss": -40.2289151763916, "alpha_loss": -0.01624850792530924, "alpha_value": 0.06660163122415542, "duration": 156.03489780426025, "step": 30000}
{"episode_reward": 523.0, "episode": 61.0, "batch_reward": 0.49584375, "critic_loss": 1.9533450508117676, "actor_loss": -41.38159942626953, "alpha_loss": -0.014899581190664321, "alpha_value": 0.0678481270968914, "duration": 156.86538934707642, "step": 30500}
{"episode_reward": 555.0, "episode": 62.0, "batch_reward": 0.50740625, "critic_loss": 2.0647185604572296, "actor_loss": -42.48738385009766, "alpha_loss": -0.012850833888631313, "alpha_value": 0.06894112050533295, "duration": 158.70398378372192, "step": 31000}
{"episode_reward": 577.0, "episode": 63.0, "batch_reward": 0.513875, "critic_loss": 2.079087721347809, "actor_loss": -43.68639457702637, "alpha_loss": -0.016884808227885514, "alpha_value": 0.07011913385987281, "duration": 158.16113138198853, "step": 31500}
{"episode_reward": 579.0, "episode": 64.0, "batch_reward": 0.52728125, "critic_loss": 2.1312204694747923, "actor_loss": -44.86182604980469, "alpha_loss": -0.019283350021578372, "alpha_value": 0.07175998523831367, "duration": 155.62972974777222, "step": 32000}
{"episode_reward": 533.0, "episode": 65.0, "batch_reward": 0.5316875, "critic_loss": 2.1609457104206085, "actor_loss": -46.09472668457031, "alpha_loss": -0.01611653318349272, "alpha_value": 0.07323782056570054, "duration": 156.51743459701538, "step": 32500}
{"episode_reward": 582.0, "episode": 66.0, "batch_reward": 0.5468125, "critic_loss": 2.3002383685112, "actor_loss": -47.243758483886715, "alpha_loss": -0.01748920490546152, "alpha_value": 0.0747711309492588, "duration": 160.77478909492493, "step": 33000}
{"episode_reward": 581.0, "episode": 67.0, "batch_reward": 0.550546875, "critic_loss": 2.2577360701560973, "actor_loss": -48.3743872833252, "alpha_loss": -0.016229525336064397, "alpha_value": 0.07610102471709251, "duration": 157.59058165550232, "step": 33500}
{"episode_reward": 596.0, "episode": 68.0, "batch_reward": 0.561296875, "critic_loss": 2.299637058734894, "actor_loss": -49.55427261352539, "alpha_loss": -0.01895838637975976, "alpha_value": 0.07765690702199936, "duration": 156.054505109787, "step": 34000}
{"episode_reward": 610.0, "episode": 69.0, "batch_reward": 0.575765625, "critic_loss": 2.3622038230895996, "actor_loss": -50.66637641906738, "alpha_loss": -0.012634378950111567, "alpha_value": 0.07906821596622467, "duration": 157.39814853668213, "step": 34500}
{"episode_reward": 561.0, "episode": 70.0, "batch_reward": 0.5799375, "critic_loss": 2.3453769464492797, "actor_loss": -51.78286651611328, "alpha_loss": -0.01459136856161058, "alpha_value": 0.0802995038330555, "duration": 157.6670699119568, "step": 35000}
{"episode_reward": 594.0, "episode": 71.0, "batch_reward": 0.584390625, "critic_loss": 2.3801134612560273, "actor_loss": -52.848248260498046, "alpha_loss": -0.0124307577800937, "alpha_value": 0.08148000937700271, "duration": 157.79629254341125, "step": 35500}
{"episode_reward": 550.0, "episode": 72.0, "batch_reward": 0.59490625, "critic_loss": 2.455167380809784, "actor_loss": -53.95433891296387, "alpha_loss": -0.012064289295114577, "alpha_value": 0.08271438816189766, "duration": 160.34754252433777, "step": 36000}
{"episode_reward": 667.0, "episode": 73.0, "batch_reward": 0.60315625, "critic_loss": 2.5136756298542022, "actor_loss": -54.99457260131836, "alpha_loss": -0.009144030030816793, "alpha_value": 0.08383907487988472, "duration": 156.10661339759827, "step": 36500}
{"episode_reward": 655.0, "episode": 74.0, "batch_reward": 0.61184375, "critic_loss": 2.5751667375564575, "actor_loss": -56.02466307067871, "alpha_loss": -0.00794548788620159, "alpha_value": 0.08466391196846962, "duration": 157.41764378547668, "step": 37000}
{"episode_reward": 597.0, "episode": 75.0, "batch_reward": 0.624546875, "critic_loss": 2.5648029367923737, "actor_loss": -57.09003601074219, "alpha_loss": -0.009611275997012853, "alpha_value": 0.08552858400344848, "duration": 161.4865529537201, "step": 37500}
{"episode_reward": 639.0, "episode": 76.0, "batch_reward": 0.63296875, "critic_loss": 2.632846302032471, "actor_loss": -57.993606353759766, "alpha_loss": -0.008781881319358946, "alpha_value": 0.08662835967540741, "duration": 156.80057549476624, "step": 38000}
{"episode_reward": 647.0, "episode": 77.0, "batch_reward": 0.643203125, "critic_loss": 2.595690982580185, "actor_loss": -59.02588848876953, "alpha_loss": -0.006732385652605444, "alpha_value": 0.08746396499872208, "duration": 156.8633246421814, "step": 38500}
{"episode_reward": 636.0, "episode": 78.0, "batch_reward": 0.642953125, "critic_loss": 2.592672498464584, "actor_loss": -60.05894158935547, "alpha_loss": -0.004819163379259407, "alpha_value": 0.08819368284940719, "duration": 159.24527716636658, "step": 39000}
{"episode_reward": 636.0, "episode": 79.0, "batch_reward": 0.659328125, "critic_loss": 2.666742814540863, "actor_loss": -61.05848989868164, "alpha_loss": -0.005534046185202896, "alpha_value": 0.08876828679442406, "duration": 161.51036643981934, "step": 39500}
{"episode_reward": 627.0, "episode": 80.0, "batch_reward": 0.6654375, "critic_loss": 2.658077047109604, "actor_loss": -62.07639547729492, "alpha_loss": -0.004527327868156135, "alpha_value": 0.08935048913955689, "duration": 155.50235223770142, "step": 40000}
{"episode_reward": 622.0, "episode": 81.0, "batch_reward": 0.669875, "critic_loss": 2.726618685722351, "actor_loss": -62.993364028930664, "alpha_loss": -0.0010650957878679038, "alpha_value": 0.08983742421865464, "duration": 156.86494326591492, "step": 40500}
{"episode_reward": 628.0, "episode": 82.0, "batch_reward": 0.670671875, "critic_loss": 2.6945506503582, "actor_loss": -63.88719645690918, "alpha_loss": -0.000677805246785283, "alpha_value": 0.08979632928967476, "duration": 157.79269194602966, "step": 41000}
{"episode_reward": 665.0, "episode": 83.0, "batch_reward": 0.69096875, "critic_loss": 2.651010619878769, "actor_loss": -64.82602507019043, "alpha_loss": -0.003458718276116997, "alpha_value": 0.09010862645506859, "duration": 158.02045345306396, "step": 41500}
{"episode_reward": 612.0, "episode": 84.0, "batch_reward": 0.696328125, "critic_loss": 2.807972516775131, "actor_loss": -65.67693701171875, "alpha_loss": -0.0016329423440620302, "alpha_value": 0.09033788853883744, "duration": 156.61368322372437, "step": 42000}
{"episode_reward": 679.0, "episode": 85.0, "batch_reward": 0.70090625, "critic_loss": 2.8531502695083617, "actor_loss": -66.71565060424804, "alpha_loss": -0.004000503377057612, "alpha_value": 0.09084732356667519, "duration": 157.09625244140625, "step": 42500}
{"episode_reward": 682.0, "episode": 86.0, "batch_reward": 0.706265625, "critic_loss": 2.9479939815998075, "actor_loss": -67.52636462402344, "alpha_loss": -0.0035002011843025685, "alpha_value": 0.09125442439317703, "duration": 155.94815039634705, "step": 43000}
{"episode_reward": 658.0, "episode": 87.0, "batch_reward": 0.719484375, "critic_loss": 2.9639531178474425, "actor_loss": -68.28713995361328, "alpha_loss": 4.827334498986602e-05, "alpha_value": 0.09149466213583947, "duration": 157.37574791908264, "step": 43500}
{"episode_reward": 628.0, "episode": 88.0, "batch_reward": 0.716078125, "critic_loss": 2.8931548511981964, "actor_loss": -69.24313925170898, "alpha_loss": 0.002469426187686622, "alpha_value": 0.09133691188693047, "duration": 157.35575461387634, "step": 44000}
{"episode_reward": 611.0, "episode": 89.0, "batch_reward": 0.7215, "critic_loss": 2.995307055234909, "actor_loss": -70.04481729125976, "alpha_loss": -6.658494798466563e-05, "alpha_value": 0.09116844326257706, "duration": 155.6715841293335, "step": 44500}
{"episode_reward": 639.0, "episode": 90.0, "batch_reward": 0.7386875, "critic_loss": 2.944234763622284, "actor_loss": -71.08969943237305, "alpha_loss": -0.001959581137634814, "alpha_value": 0.09119396927952766, "duration": 155.56040143966675, "step": 45000}
{"episode_reward": 672.0, "episode": 91.0, "batch_reward": 0.74434375, "critic_loss": 2.983650689601898, "actor_loss": -71.8435302734375, "alpha_loss": -0.0004125865139067173, "alpha_value": 0.09140428087115288, "duration": 154.77222108840942, "step": 45500}
{"episode_reward": 649.0, "episode": 92.0, "batch_reward": 0.747953125, "critic_loss": 3.1471340265274046, "actor_loss": -72.72884698486328, "alpha_loss": 0.002937625271268189, "alpha_value": 0.09123393324017524, "duration": 159.48668551445007, "step": 46000}
{"episode_reward": 638.0, "episode": 93.0, "batch_reward": 0.746078125, "critic_loss": 3.124553347349167, "actor_loss": -73.5724500732422, "alpha_loss": 0.001504168808925897, "alpha_value": 0.09117656216025352, "duration": 156.09707689285278, "step": 46500}
{"episode_reward": 596.0, "episode": 94.0, "batch_reward": 0.7588125, "critic_loss": 3.180964939594269, "actor_loss": -74.4333296508789, "alpha_loss": 0.003493196991737932, "alpha_value": 0.09062543016672134, "duration": 154.7877163887024, "step": 47000}
{"episode_reward": 596.0, "episode": 95.0, "batch_reward": 0.759234375, "critic_loss": 3.125402104854584, "actor_loss": -75.22833337402344, "alpha_loss": 0.004052151226438582, "alpha_value": 0.09025703597068786, "duration": 155.27292442321777, "step": 47500}
{"episode_reward": 557.0, "episode": 96.0, "batch_reward": 0.7600625, "critic_loss": 3.2012775149345396, "actor_loss": -76.12050122070312, "alpha_loss": 0.003216845833696425, "alpha_value": 0.08974704974889755, "duration": 157.29469513893127, "step": 48000}
{"episode_reward": 598.0, "episode": 97.0, "batch_reward": 0.77040625, "critic_loss": 3.2802937400341032, "actor_loss": -76.92742477416992, "alpha_loss": 0.001358348213136196, "alpha_value": 0.08950414225459098, "duration": 157.43535733222961, "step": 48500}
{"episode_reward": 626.0, "episode": 98.0, "batch_reward": 0.772203125, "critic_loss": 3.1634345054626465, "actor_loss": -77.65780426025391, "alpha_loss": 0.0028117820098996164, "alpha_value": 0.08930147579312324, "duration": 157.06527256965637, "step": 49000}
{"episode_reward": 644.0, "episode": 99.0, "batch_reward": 0.784125, "critic_loss": 3.3331489486694337, "actor_loss": -78.45916516113282, "alpha_loss": 0.0036857688054442407, "alpha_value": 0.08885082429647445, "duration": 157.36351823806763, "step": 49500}
{"episode_reward": 594.0, "episode": 100.0, "batch_reward": 0.78346875, "critic_loss": 3.561855574846268, "actor_loss": -79.30287969970703, "alpha_loss": -0.002025726895779371, "alpha_value": 0.08868995845317841, "duration": 154.9704577922821, "step": 50000}
{"episode_reward": 630.0, "episode": 101.0, "batch_reward": 0.79046875, "critic_loss": 3.4373007225990295, "actor_loss": -79.95212512207031, "alpha_loss": 0.0001055642468854785, "alpha_value": 0.08886005064845084, "duration": 156.74428939819336, "step": 50500}
{"episode_reward": 581.0, "episode": 102.0, "batch_reward": 0.79353125, "critic_loss": 3.2816103248596193, "actor_loss": -80.72136987304688, "alpha_loss": -0.000284778747940436, "alpha_value": 0.088832166492939, "duration": 157.5400230884552, "step": 51000}
{"episode_reward": 633.0, "episode": 103.0, "batch_reward": 0.7983125, "critic_loss": 3.3144293150901794, "actor_loss": -81.338611328125, "alpha_loss": 0.0003033318510279059, "alpha_value": 0.08881077611446381, "duration": 156.74539065361023, "step": 51500}
{"episode_reward": 597.0, "episode": 104.0, "batch_reward": 0.79990625, "critic_loss": 3.4092240192890166, "actor_loss": -82.2279984741211, "alpha_loss": 0.0035220565227791667, "alpha_value": 0.08859109625220299, "duration": 157.60366201400757, "step": 52000}
{"episode_reward": 628.0, "episode": 105.0, "batch_reward": 0.803453125, "critic_loss": 3.5609318704605104, "actor_loss": -82.65134225463868, "alpha_loss": -0.0019767696363851427, "alpha_value": 0.0884346043765545, "duration": 159.5679852962494, "step": 52500}
{"episode_reward": 532.0, "episode": 106.0, "batch_reward": 0.807921875, "critic_loss": 3.5291609601974487, "actor_loss": -83.4547021484375, "alpha_loss": 0.002532532644458115, "alpha_value": 0.08838396751880646, "duration": 157.26631712913513, "step": 53000}
{"episode_reward": 620.0, "episode": 107.0, "batch_reward": 0.80725, "critic_loss": 3.5807128987312318, "actor_loss": -84.04526419067383, "alpha_loss": 0.002222787688486278, "alpha_value": 0.08802934888005257, "duration": 160.4216890335083, "step": 53500}
{"episode_reward": 651.0, "episode": 108.0, "batch_reward": 0.81403125, "critic_loss": 3.558994626045227, "actor_loss": -84.6944501953125, "alpha_loss": -0.0011694615073502064, "alpha_value": 0.08799776354432107, "duration": 156.901273727417, "step": 54000}
{"episode_reward": 668.0, "episode": 109.0, "batch_reward": 0.825515625, "critic_loss": 3.5519082465171814, "actor_loss": -85.42049841308594, "alpha_loss": -0.0030235666469670833, "alpha_value": 0.08822372889518738, "duration": 158.05074763298035, "step": 54500}
{"episode_reward": 695.0, "episode": 110.0, "batch_reward": 0.825, "critic_loss": 3.5878182735443116, "actor_loss": -86.11824353027343, "alpha_loss": -0.0020859478344209493, "alpha_value": 0.0886891016960144, "duration": 118.8957166671753, "step": 55000}
{"episode_reward": 696.0, "episode": 111.0, "batch_reward": 0.831921875, "critic_loss": 3.73691780090332, "actor_loss": -86.67972912597656, "alpha_loss": -0.009207268631085754, "alpha_value": 0.08935698285698891, "duration": 154.3015832901001, "step": 55500}
{"episode_reward": 661.0, "episode": 112.0, "batch_reward": 0.840328125, "critic_loss": 3.6203004086017607, "actor_loss": -87.31793780517579, "alpha_loss": -0.0011001147432252764, "alpha_value": 0.08993754762411117, "duration": 158.64039540290833, "step": 56000}
{"episode_reward": 653.0, "episode": 113.0, "batch_reward": 0.837515625, "critic_loss": 3.698052173614502, "actor_loss": -87.95669940185547, "alpha_loss": -0.0038672920120880008, "alpha_value": 0.09031515753269195, "duration": 156.14995884895325, "step": 56500}
{"episode_reward": 726.0, "episode": 114.0, "batch_reward": 0.845953125, "critic_loss": 3.6591725068092344, "actor_loss": -88.73134948730468, "alpha_loss": -0.0024908797680400314, "alpha_value": 0.09066941651701928, "duration": 157.56514263153076, "step": 57000}
{"episode_reward": 670.0, "episode": 115.0, "batch_reward": 0.857296875, "critic_loss": 3.5918665342330933, "actor_loss": -89.28584588623048, "alpha_loss": -0.0020178060256876053, "alpha_value": 0.09100454950332641, "duration": 156.60271668434143, "step": 57500}
{"episode_reward": 703.0, "episode": 116.0, "batch_reward": 0.855203125, "critic_loss": 3.7662994656562807, "actor_loss": -90.01386624145508, "alpha_loss": 0.0010218645543791354, "alpha_value": 0.09105501669645309, "duration": 159.3636519908905, "step": 58000}
{"episode_reward": 748.0, "episode": 117.0, "batch_reward": 0.855921875, "critic_loss": 3.6480694437026977, "actor_loss": -90.5760168762207, "alpha_loss": -0.0057014143755659465, "alpha_value": 0.09140106546878815, "duration": 157.3503794670105, "step": 58500}
{"episode_reward": 658.0, "episode": 118.0, "batch_reward": 0.8579375, "critic_loss": 3.730046461582184, "actor_loss": -91.02315878295899, "alpha_loss": -0.003906928157899529, "alpha_value": 0.09197393256425858, "duration": 157.00772619247437, "step": 59000}
{"episode_reward": 719.0, "episode": 119.0, "batch_reward": 0.864484375, "critic_loss": 3.677708990097046, "actor_loss": -91.40573754882813, "alpha_loss": 0.003384123419877142, "alpha_value": 0.09188407132029533, "duration": 158.6915671825409, "step": 59500}
{"episode_reward": 673.0, "episode": 120.0, "batch_reward": 0.873578125, "critic_loss": 3.577586522102356, "actor_loss": -92.15916781616211, "alpha_loss": -0.00039296347554773094, "alpha_value": 0.09167366254329681, "duration": 157.3698914051056, "step": 60000}
{"episode_reward": 696.0, "episode": 121.0, "batch_reward": 0.874125, "critic_loss": 3.551147068500519, "actor_loss": -92.80127334594727, "alpha_loss": -0.00022593335015699267, "alpha_value": 0.09175033760070801, "duration": 155.99268341064453, "step": 60500}
{"episode_reward": 711.0, "episode": 122.0, "batch_reward": 0.8800625, "critic_loss": 3.6959981565475464, "actor_loss": -93.44167373657227, "alpha_loss": -0.007998709443025291, "alpha_value": 0.09234321933984757, "duration": 156.59345316886902, "step": 61000}
{"episode_reward": 674.0, "episode": 123.0, "batch_reward": 0.885953125, "critic_loss": 3.5514555189609527, "actor_loss": -93.91916046142578, "alpha_loss": -0.004240834166295827, "alpha_value": 0.09311686527729035, "duration": 156.28066873550415, "step": 61500}
{"episode_reward": 694.0, "episode": 124.0, "batch_reward": 0.890125, "critic_loss": 3.543008113861084, "actor_loss": -94.59599194335938, "alpha_loss": -0.009223334830254316, "alpha_value": 0.09377111142873765, "duration": 156.19001960754395, "step": 62000}
{"episode_reward": 721.0, "episode": 125.0, "batch_reward": 0.8944375, "critic_loss": 3.5845946187973023, "actor_loss": -95.17887850952148, "alpha_loss": -0.0016039384640753268, "alpha_value": 0.09465426820516586, "duration": 156.36142873764038, "step": 62500}
{"episode_reward": 740.0, "episode": 126.0, "batch_reward": 0.893875, "critic_loss": 3.5263560774326326, "actor_loss": -95.59864151000977, "alpha_loss": 0.0003772959429770708, "alpha_value": 0.09463593763113022, "duration": 157.29512333869934, "step": 63000}
{"episode_reward": 724.0, "episode": 127.0, "batch_reward": 0.903640625, "critic_loss": 3.4842515807151795, "actor_loss": -96.07672128295899, "alpha_loss": -0.004179165514186025, "alpha_value": 0.09502604830265045, "duration": 156.8840296268463, "step": 63500}
{"episode_reward": 724.0, "episode": 128.0, "batch_reward": 0.907453125, "critic_loss": 3.7988347444534303, "actor_loss": -96.61175726318359, "alpha_loss": -0.004961651682853699, "alpha_value": 0.09538882231712341, "duration": 157.22037434577942, "step": 64000}
{"episode_reward": 705.0, "episode": 129.0, "batch_reward": 0.90953125, "critic_loss": 3.601483483314514, "actor_loss": -97.1824997253418, "alpha_loss": -0.003079018933698535, "alpha_value": 0.09601546001434326, "duration": 156.8284890651703, "step": 64500}
{"episode_reward": 716.0, "episode": 130.0, "batch_reward": 0.914703125, "critic_loss": 3.4393452758789063, "actor_loss": -97.71042697143555, "alpha_loss": 0.00016914324928075076, "alpha_value": 0.0961031037569046, "duration": 155.5505931377411, "step": 65000}
{"episode_reward": 706.0, "episode": 131.0, "batch_reward": 0.925640625, "critic_loss": 3.497727427482605, "actor_loss": -98.37407708740234, "alpha_loss": -0.002821356279309839, "alpha_value": 0.0962793992459774, "duration": 155.75828433036804, "step": 65500}
{"episode_reward": 747.0, "episode": 132.0, "batch_reward": 0.916359375, "critic_loss": 3.425299701690674, "actor_loss": -98.90772988891601, "alpha_loss": -0.000777316671796143, "alpha_value": 0.09648998093605042, "duration": 155.28230142593384, "step": 66000}
{"episode_reward": 722.0, "episode": 133.0, "batch_reward": 0.928703125, "critic_loss": 3.4984104318618776, "actor_loss": -99.4494089050293, "alpha_loss": -0.001845225654542446, "alpha_value": 0.09678986543416977, "duration": 156.97697591781616, "step": 66500}
{"episode_reward": 679.0, "episode": 134.0, "batch_reward": 0.92928125, "critic_loss": 3.4604013555049895, "actor_loss": -99.83199459838868, "alpha_loss": 0.0004525676812045276, "alpha_value": 0.09676009473204612, "duration": 158.01883125305176, "step": 67000}
{"episode_reward": 729.0, "episode": 135.0, "batch_reward": 0.935265625, "critic_loss": 3.4406180601119996, "actor_loss": -100.1331908569336, "alpha_loss": -0.001475492088124156, "alpha_value": 0.09690178361535072, "duration": 156.3931107521057, "step": 67500}
{"episode_reward": 675.0, "episode": 136.0, "batch_reward": 0.9345625, "critic_loss": 3.515985788822174, "actor_loss": -100.68582638549805, "alpha_loss": 0.0012130672931671142, "alpha_value": 0.09679904058575631, "duration": 157.04020142555237, "step": 68000}
{"episode_reward": 667.0, "episode": 137.0, "batch_reward": 0.943984375, "critic_loss": 3.4693841161727907, "actor_loss": -101.29215432739258, "alpha_loss": -0.0027493174877017738, "alpha_value": 0.09686588421463967, "duration": 156.37208318710327, "step": 68500}
{"episode_reward": 710.0, "episode": 138.0, "batch_reward": 0.942296875, "critic_loss": 3.611030385494232, "actor_loss": -101.61179235839843, "alpha_loss": 0.0016396608087234199, "alpha_value": 0.09693853881955147, "duration": 155.71457767486572, "step": 69000}
{"episode_reward": 712.0, "episode": 139.0, "batch_reward": 0.946890625, "critic_loss": 3.608864312648773, "actor_loss": -102.20133517456054, "alpha_loss": -0.003479409950785339, "alpha_value": 0.0972214079797268, "duration": 157.46739077568054, "step": 69500}
{"episode_reward": 714.0, "episode": 140.0, "batch_reward": 0.94434375, "critic_loss": 3.622059490919113, "actor_loss": -102.54122848510742, "alpha_loss": -0.006795188498217613, "alpha_value": 0.09766394630074501, "duration": 157.15820479393005, "step": 70000}
{"episode_reward": 711.0, "episode": 141.0, "batch_reward": 0.95178125, "critic_loss": 3.466234965085983, "actor_loss": -102.94774642944336, "alpha_loss": -0.001557762916199863, "alpha_value": 0.09841812354326249, "duration": 154.9514503479004, "step": 70500}
{"episode_reward": 737.0, "episode": 142.0, "batch_reward": 0.953875, "critic_loss": 3.3884498493671416, "actor_loss": -103.32508486938477, "alpha_loss": -0.0038054074090905486, "alpha_value": 0.09858038651943207, "duration": 157.15827536582947, "step": 71000}
{"episode_reward": 767.0, "episode": 143.0, "batch_reward": 0.956875, "critic_loss": 3.445033120393753, "actor_loss": -103.51704425048828, "alpha_loss": -0.0020875082551501693, "alpha_value": 0.09910299238562584, "duration": 157.10894775390625, "step": 71500}
{"episode_reward": 719.0, "episode": 144.0, "batch_reward": 0.963296875, "critic_loss": 3.3651564073562623, "actor_loss": -104.12922055053711, "alpha_loss": -0.0006754886917769909, "alpha_value": 0.0991441111266613, "duration": 156.9584937095642, "step": 72000}
{"episode_reward": 724.0, "episode": 145.0, "batch_reward": 0.976234375, "critic_loss": 3.314152801990509, "actor_loss": -104.73285089111329, "alpha_loss": -0.0019114666287787258, "alpha_value": 0.09934025740623474, "duration": 157.17188024520874, "step": 72500}
{"episode_reward": 752.0, "episode": 146.0, "batch_reward": 0.9739375, "critic_loss": 3.3370947165489198, "actor_loss": -104.85567269897462, "alpha_loss": -0.007189905010163784, "alpha_value": 0.10002474689483642, "duration": 156.4495689868927, "step": 73000}
{"episode_reward": 708.0, "episode": 147.0, "batch_reward": 0.970796875, "critic_loss": 3.2427869946956633, "actor_loss": -105.35030364990234, "alpha_loss": -0.006090915715321899, "alpha_value": 0.10088295704126359, "duration": 154.95130729675293, "step": 73500}
{"episode_reward": 680.0, "episode": 148.0, "batch_reward": 0.974640625, "critic_loss": 3.2868600981235505, "actor_loss": -105.67706079101562, "alpha_loss": -0.0009688247228041291, "alpha_value": 0.10136512458324433, "duration": 155.98212313652039, "step": 74000}
{"episode_reward": 747.0, "episode": 149.0, "batch_reward": 0.981421875, "critic_loss": 3.409492572307587, "actor_loss": -106.1962490234375, "alpha_loss": -0.004754035257734358, "alpha_value": 0.10150991728901863, "duration": 155.94332575798035, "step": 74500}
{"episode_reward": 743.0, "episode": 150.0, "batch_reward": 0.98171875, "critic_loss": 3.3025666415691375, "actor_loss": -106.58345556640624, "alpha_loss": -0.007625296260230243, "alpha_value": 0.1023981982767582, "duration": 156.17506885528564, "step": 75000}
{"episode_reward": 734.0, "episode": 151.0, "batch_reward": 0.99025, "critic_loss": 3.291533118724823, "actor_loss": -106.91551007080078, "alpha_loss": -0.0026101778745651243, "alpha_value": 0.10312922805547714, "duration": 156.87539076805115, "step": 75500}
{"episode_reward": 700.0, "episode": 152.0, "batch_reward": 0.98334375, "critic_loss": 3.16718679189682, "actor_loss": -107.3718154296875, "alpha_loss": -1.4144167304039e-05, "alpha_value": 0.10337088117003441, "duration": 157.16281461715698, "step": 76000}
{"episode_reward": 727.0, "episode": 153.0, "batch_reward": 0.993109375, "critic_loss": 3.2340673940181732, "actor_loss": -107.68747250366211, "alpha_loss": -0.0018730612201616169, "alpha_value": 0.1034264973104, "duration": 156.31499552726746, "step": 76500}
{"episode_reward": 711.0, "episode": 154.0, "batch_reward": 0.99703125, "critic_loss": 3.258606211900711, "actor_loss": -108.13071646118163, "alpha_loss": 0.0013644403824582697, "alpha_value": 0.10311743742227554, "duration": 157.057044506073, "step": 77000}
{"episode_reward": 726.0, "episode": 155.0, "batch_reward": 1.00834375, "critic_loss": 3.273516066074371, "actor_loss": -108.50235321044921, "alpha_loss": -0.0014366163439117371, "alpha_value": 0.10355676391720772, "duration": 157.26400423049927, "step": 77500}
{"episode_reward": 748.0, "episode": 156.0, "batch_reward": 1.0016875, "critic_loss": 3.07455507850647, "actor_loss": -108.82703448486328, "alpha_loss": -0.003936217167414725, "alpha_value": 0.10377541786432266, "duration": 155.90690541267395, "step": 78000}
{"episode_reward": 712.0, "episode": 157.0, "batch_reward": 1.00559375, "critic_loss": 3.1362173829078674, "actor_loss": -109.22786642456055, "alpha_loss": -0.0043002044530585405, "alpha_value": 0.10449318227171898, "duration": 156.28193187713623, "step": 78500}
{"episode_reward": 723.0, "episode": 158.0, "batch_reward": 1.00946875, "critic_loss": 3.169227229118347, "actor_loss": -109.34937017822266, "alpha_loss": -0.001853255368769169, "alpha_value": 0.10466439828276634, "duration": 158.46467399597168, "step": 79000}
{"episode_reward": 691.0, "episode": 159.0, "batch_reward": 1.00653125, "critic_loss": 3.1146740324497224, "actor_loss": -109.86412188720703, "alpha_loss": -0.0019071359145455063, "alpha_value": 0.10496303737163544, "duration": 156.419371843338, "step": 79500}
{"episode_reward": 752.0, "episode": 160.0, "batch_reward": 1.009875, "critic_loss": 3.0630640215873717, "actor_loss": -110.22304086303711, "alpha_loss": -5.347924120724201e-05, "alpha_value": 0.10501471146941185, "duration": 155.4313428401947, "step": 80000}
{"episode_reward": 716.0, "episode": 161.0, "batch_reward": 1.013953125, "critic_loss": 3.198933511018753, "actor_loss": -110.44819488525391, "alpha_loss": 0.004007160035893321, "alpha_value": 0.10497702983021737, "duration": 156.30608367919922, "step": 80500}
{"episode_reward": 707.0, "episode": 162.0, "batch_reward": 1.026203125, "critic_loss": 3.059864067316055, "actor_loss": -110.95245068359375, "alpha_loss": 0.0029691574778407813, "alpha_value": 0.10436044564843178, "duration": 161.977543592453, "step": 81000}
{"episode_reward": 715.0, "episode": 163.0, "batch_reward": 1.02375, "critic_loss": 2.954106500864029, "actor_loss": -111.20188656616212, "alpha_loss": 0.000229346027597785, "alpha_value": 0.10418781879544257, "duration": 155.76881170272827, "step": 81500}
{"episode_reward": 730.0, "episode": 164.0, "batch_reward": 1.02521875, "critic_loss": 3.043124600172043, "actor_loss": -111.53596206665038, "alpha_loss": 0.0010310307713225484, "alpha_value": 0.1041728273332119, "duration": 155.63288736343384, "step": 82000}
{"episode_reward": 709.0, "episode": 165.0, "batch_reward": 1.02365625, "critic_loss": 3.0270881536006926, "actor_loss": -111.73059353637696, "alpha_loss": 0.00023271193774417043, "alpha_value": 0.10396519577503205, "duration": 156.24091148376465, "step": 82500}
{"episode_reward": 701.0, "episode": 166.0, "batch_reward": 1.024453125, "critic_loss": 3.1961384251117706, "actor_loss": -112.05816543579101, "alpha_loss": -0.0028602061504498125, "alpha_value": 0.10425481310486794, "duration": 155.07221961021423, "step": 83000}
{"episode_reward": 767.0, "episode": 167.0, "batch_reward": 1.030671875, "critic_loss": 2.8545898530483247, "actor_loss": -112.42437231445312, "alpha_loss": 0.0014628766402602195, "alpha_value": 0.10440499606728554, "duration": 156.08257174491882, "step": 83500}
{"episode_reward": 766.0, "episode": 168.0, "batch_reward": 1.03053125, "critic_loss": 2.8531143033504485, "actor_loss": -112.69887255859375, "alpha_loss": 0.005663992384914308, "alpha_value": 0.10385821238160134, "duration": 156.64505243301392, "step": 84000}
{"episode_reward": 750.0, "episode": 169.0, "batch_reward": 1.04075, "critic_loss": 3.0315288689136506, "actor_loss": -113.12609301757813, "alpha_loss": -0.0003478490263223648, "alpha_value": 0.10351741328835487, "duration": 157.000248670578, "step": 84500}
{"episode_reward": 739.0, "episode": 170.0, "batch_reward": 1.0398125, "critic_loss": 3.075389076948166, "actor_loss": -113.41517181396485, "alpha_loss": -0.00040311894472688434, "alpha_value": 0.10354945236444474, "duration": 156.40045261383057, "step": 85000}
{"episode_reward": 746.0, "episode": 171.0, "batch_reward": 1.041625, "critic_loss": 3.0637241859436033, "actor_loss": -113.62309539794921, "alpha_loss": -0.004120854607783258, "alpha_value": 0.10373059153556824, "duration": 156.25154185295105, "step": 85500}
{"episode_reward": 730.0, "episode": 172.0, "batch_reward": 1.048109375, "critic_loss": 2.9274854476451875, "actor_loss": -113.9690534362793, "alpha_loss": -0.0009329142468050123, "alpha_value": 0.10420212522149086, "duration": 157.2429506778717, "step": 86000}
{"episode_reward": 755.0, "episode": 173.0, "batch_reward": 1.04346875, "critic_loss": 2.9573396100997926, "actor_loss": -114.17660266113282, "alpha_loss": 0.004102906801272184, "alpha_value": 0.1040859335064888, "duration": 156.69505906105042, "step": 86500}
{"episode_reward": 710.0, "episode": 174.0, "batch_reward": 1.046359375, "critic_loss": 2.9295314466953277, "actor_loss": -114.53708456420898, "alpha_loss": 0.004636729480698705, "alpha_value": 0.10327923232316971, "duration": 156.6217339038849, "step": 87000}
{"episode_reward": 714.0, "episode": 175.0, "batch_reward": 1.044953125, "critic_loss": 2.912460604906082, "actor_loss": -114.71249166870118, "alpha_loss": 0.00023825617553666233, "alpha_value": 0.10298070564866066, "duration": 156.0819342136383, "step": 87500}
{"episode_reward": 753.0, "episode": 176.0, "batch_reward": 1.05853125, "critic_loss": 2.9946230809688568, "actor_loss": -114.98020129394531, "alpha_loss": -0.001455239136237651, "alpha_value": 0.10312469521164894, "duration": 156.4025797843933, "step": 88000}
{"episode_reward": 727.0, "episode": 177.0, "batch_reward": 1.05309375, "critic_loss": 3.0140877900123595, "actor_loss": -115.31140014648437, "alpha_loss": -0.0028676824532449245, "alpha_value": 0.103374746799469, "duration": 155.7266104221344, "step": 88500}
{"episode_reward": 760.0, "episode": 178.0, "batch_reward": 1.06540625, "critic_loss": 2.9888657405376433, "actor_loss": -115.60734259033202, "alpha_loss": -0.0018334663263522089, "alpha_value": 0.1037229910492897, "duration": 157.4190878868103, "step": 89000}
{"episode_reward": 780.0, "episode": 179.0, "batch_reward": 1.05971875, "critic_loss": 2.936237379550934, "actor_loss": -115.81302600097656, "alpha_loss": -0.0033200221341103315, "alpha_value": 0.10403984597325325, "duration": 156.733882188797, "step": 89500}
{"episode_reward": 783.0, "episode": 180.0, "batch_reward": 1.072109375, "critic_loss": 3.0134676530361175, "actor_loss": -116.08650164794922, "alpha_loss": -0.0029415568397380414, "alpha_value": 0.10436702883243561, "duration": 154.74963355064392, "step": 90000}
{"episode_reward": 706.0, "episode": 181.0, "batch_reward": 1.069109375, "critic_loss": 3.0155017421245573, "actor_loss": -116.29579571533203, "alpha_loss": 0.0006365033192560077, "alpha_value": 0.10463730487227439, "duration": 155.67362689971924, "step": 90500}
{"episode_reward": 725.0, "episode": 182.0, "batch_reward": 1.06809375, "critic_loss": 2.882825819730759, "actor_loss": -116.51561148071289, "alpha_loss": 0.0030599612910300494, "alpha_value": 0.10436713016033172, "duration": 156.8669309616089, "step": 91000}
{"episode_reward": 756.0, "episode": 183.0, "batch_reward": 1.06534375, "critic_loss": 2.7774053554534914, "actor_loss": -116.84659527587891, "alpha_loss": -0.0011762410085648298, "alpha_value": 0.10414985120296479, "duration": 158.30536675453186, "step": 91500}
{"episode_reward": 718.0, "episode": 184.0, "batch_reward": 1.081078125, "critic_loss": 2.8642434682846067, "actor_loss": -117.14941079711915, "alpha_loss": -0.0055047393823042514, "alpha_value": 0.10471686470508576, "duration": 157.15091729164124, "step": 92000}
{"episode_reward": 757.0, "episode": 185.0, "batch_reward": 1.077453125, "critic_loss": 2.7726524863243105, "actor_loss": -117.58348123168945, "alpha_loss": 0.0028589492589235306, "alpha_value": 0.10485812547802925, "duration": 156.7076976299286, "step": 92500}
{"episode_reward": 743.0, "episode": 186.0, "batch_reward": 1.081421875, "critic_loss": 2.911926743030548, "actor_loss": -117.76928979492187, "alpha_loss": -0.0022387388199567797, "alpha_value": 0.10473175045847893, "duration": 156.30275416374207, "step": 93000}
{"episode_reward": 761.0, "episode": 187.0, "batch_reward": 1.078796875, "critic_loss": 2.809957294225693, "actor_loss": -117.84169213867187, "alpha_loss": -0.001438539855182171, "alpha_value": 0.10496941748261451, "duration": 156.06786227226257, "step": 93500}
{"episode_reward": 759.0, "episode": 188.0, "batch_reward": 1.086359375, "critic_loss": 2.7792117447853086, "actor_loss": -118.1778733215332, "alpha_loss": -3.6918289959430694e-05, "alpha_value": 0.10512842705845833, "duration": 156.08788776397705, "step": 94000}
{"episode_reward": 738.0, "episode": 189.0, "batch_reward": 1.086375, "critic_loss": 2.8893832709789278, "actor_loss": -118.49329165649414, "alpha_loss": 0.0035147855868563056, "alpha_value": 0.10491511368751526, "duration": 152.7001883983612, "step": 94500}
{"episode_reward": 734.0, "episode": 190.0, "batch_reward": 1.08871875, "critic_loss": 2.806176309108734, "actor_loss": -118.60323916625977, "alpha_loss": 0.004964560030493885, "alpha_value": 0.1043939342200756, "duration": 137.57923674583435, "step": 95000}
{"episode_reward": 714.0, "episode": 191.0, "batch_reward": 1.093515625, "critic_loss": 2.811168860912323, "actor_loss": -118.81908920288086, "alpha_loss": -0.0026565369563177226, "alpha_value": 0.10416233313083649, "duration": 156.23125171661377, "step": 95500}
{"episode_reward": 755.0, "episode": 192.0, "batch_reward": 1.089296875, "critic_loss": 2.8850110821723938, "actor_loss": -119.06694204711914, "alpha_loss": -0.0011653652898967267, "alpha_value": 0.10457064920663833, "duration": 156.64585852622986, "step": 96000}
{"episode_reward": 794.0, "episode": 193.0, "batch_reward": 1.09646875, "critic_loss": 2.6991954505443574, "actor_loss": -119.2625191040039, "alpha_loss": 0.003973093516658991, "alpha_value": 0.10420760086178779, "duration": 161.90882229804993, "step": 96500}
{"episode_reward": 720.0, "episode": 194.0, "batch_reward": 1.09309375, "critic_loss": 2.6820582330226896, "actor_loss": -119.42985818481445, "alpha_loss": -0.0036423787586390972, "alpha_value": 0.10419308298826217, "duration": 161.13667106628418, "step": 97000}
{"episode_reward": 751.0, "episode": 195.0, "batch_reward": 1.103390625, "critic_loss": 2.788599298238754, "actor_loss": -119.65776895141602, "alpha_loss": 2.1979931741952897e-05, "alpha_value": 0.10441986465454102, "duration": 156.47039318084717, "step": 97500}
{"episode_reward": 752.0, "episode": 196.0, "batch_reward": 1.09365625, "critic_loss": 2.764599838733673, "actor_loss": -119.99742883300782, "alpha_loss": 0.0011360257142223418, "alpha_value": 0.10443475392460823, "duration": 157.14638948440552, "step": 98000}
{"episode_reward": 738.0, "episode": 197.0, "batch_reward": 1.106890625, "critic_loss": 2.7797072930335998, "actor_loss": -120.07308325195312, "alpha_loss": 0.0023355120490305124, "alpha_value": 0.10425968733429909, "duration": 159.53627157211304, "step": 98500}
{"episode_reward": 756.0, "episode": 198.0, "batch_reward": 1.105484375, "critic_loss": 2.7583986189365386, "actor_loss": -120.26785830688476, "alpha_loss": 0.0019433225402608514, "alpha_value": 0.10395995691418648, "duration": 157.0436305999756, "step": 99000}
{"episode_reward": 764.0, "episode": 199.0, "batch_reward": 1.104078125, "critic_loss": 2.8903462765216825, "actor_loss": -120.48816891479493, "alpha_loss": -0.0012370013543404638, "alpha_value": 0.10383655786514283, "duration": 157.03595876693726, "step": 99500}
{"episode_reward": 772.0, "episode": 200.0, "batch_reward": 1.114953125, "critic_loss": 2.612105123281479, "actor_loss": -120.72886920166016, "alpha_loss": -0.006793665900826454, "alpha_value": 0.1044045846760273, "duration": 166.40268969535828, "step": 100000}
{"episode_reward": 731.0, "episode": 201.0, "batch_reward": 1.1074375, "critic_loss": 2.792568830013275, "actor_loss": -120.93184844970703, "alpha_loss": 0.0003875545458868146, "alpha_value": 0.10483823022246361, "duration": 214.41303634643555, "step": 100500}
{"episode_reward": 759.0, "episode": 202.0, "batch_reward": 1.1125625, "critic_loss": 2.7961982314586638, "actor_loss": -121.13624246215821, "alpha_loss": 0.00458024084661156, "alpha_value": 0.10455154588818551, "duration": 157.05435228347778, "step": 101000}
{"episode_reward": 744.0, "episode": 203.0, "batch_reward": 1.116, "critic_loss": 2.690127535581589, "actor_loss": -121.41706036376954, "alpha_loss": 0.005236167809925973, "alpha_value": 0.10415508452057838, "duration": 157.02969527244568, "step": 101500}
{"episode_reward": 730.0, "episode": 204.0, "batch_reward": 1.11196875, "critic_loss": 2.784916464805603, "actor_loss": -121.32577499389649, "alpha_loss": -0.0029761070213280617, "alpha_value": 0.10367979717254638, "duration": 155.46746587753296, "step": 102000}
{"episode_reward": 775.0, "episode": 205.0, "batch_reward": 1.12228125, "critic_loss": 2.8582605464458464, "actor_loss": -121.79645858764648, "alpha_loss": -0.0003412167117930949, "alpha_value": 0.10409508630633355, "duration": 156.9445960521698, "step": 102500}
{"episode_reward": 748.0, "episode": 206.0, "batch_reward": 1.113, "critic_loss": 2.827296124458313, "actor_loss": -121.83649221801758, "alpha_loss": 7.276205345988274e-05, "alpha_value": 0.1039577908217907, "duration": 155.86978268623352, "step": 103000}
{"episode_reward": 781.0, "episode": 207.0, "batch_reward": 1.131484375, "critic_loss": 2.7247984414100648, "actor_loss": -122.20361395263672, "alpha_loss": 0.0019861111282370985, "alpha_value": 0.10384766656160355, "duration": 158.64133143424988, "step": 103500}
{"episode_reward": 741.0, "episode": 208.0, "batch_reward": 1.1254375, "critic_loss": 2.763278508424759, "actor_loss": -122.28769387817383, "alpha_loss": 0.0017707631327211857, "alpha_value": 0.10355290722846985, "duration": 157.9405300617218, "step": 104000}
{"episode_reward": 757.0, "episode": 209.0, "batch_reward": 1.121046875, "critic_loss": 2.7871999804973604, "actor_loss": -122.45998043823242, "alpha_loss": -0.006338670760858804, "alpha_value": 0.10381548827886582, "duration": 157.77025651931763, "step": 104500}
{"episode_reward": 779.0, "episode": 210.0, "batch_reward": 1.131890625, "critic_loss": 2.7191010344028474, "actor_loss": -122.81990005493164, "alpha_loss": -0.002271343169733882, "alpha_value": 0.10451612493395805, "duration": 156.6085991859436, "step": 105000}
{"episode_reward": 753.0, "episode": 211.0, "batch_reward": 1.127609375, "critic_loss": 2.7238919751644133, "actor_loss": -122.9737712097168, "alpha_loss": 0.0026670062593184413, "alpha_value": 0.1045798456966877, "duration": 158.2640962600708, "step": 105500}
{"episode_reward": 722.0, "episode": 212.0, "batch_reward": 1.124984375, "critic_loss": 2.7502081940174103, "actor_loss": -123.00989276123047, "alpha_loss": 0.0012355559240095318, "alpha_value": 0.1042651924788952, "duration": 156.58296036720276, "step": 106000}
{"episode_reward": 762.0, "episode": 213.0, "batch_reward": 1.133484375, "critic_loss": 2.6166674461364745, "actor_loss": -123.1564888305664, "alpha_loss": -0.0010382489142939449, "alpha_value": 0.10413319596648216, "duration": 160.19238114356995, "step": 106500}
{"episode_reward": 730.0, "episode": 214.0, "batch_reward": 1.13653125, "critic_loss": 2.7501131711006166, "actor_loss": -123.3115498046875, "alpha_loss": -0.001128861390054226, "alpha_value": 0.10425480517745019, "duration": 164.09491896629333, "step": 107000}
{"episode_reward": 747.0, "episode": 215.0, "batch_reward": 1.1380625, "critic_loss": 2.673266755580902, "actor_loss": -123.46523300170898, "alpha_loss": -0.0006956562539562583, "alpha_value": 0.10448544833064079, "duration": 157.5506935119629, "step": 107500}
{"episode_reward": 721.0, "episode": 216.0, "batch_reward": 1.139203125, "critic_loss": 2.7039379770755767, "actor_loss": -123.72280502319336, "alpha_loss": 5.505550652742386e-07, "alpha_value": 0.10445204037427902, "duration": 156.19028878211975, "step": 108000}
{"episode_reward": 759.0, "episode": 217.0, "batch_reward": 1.138671875, "critic_loss": 2.745541423559189, "actor_loss": -123.71396914672852, "alpha_loss": -0.004534501080401242, "alpha_value": 0.1045822632908821, "duration": 163.9294400215149, "step": 108500}
{"episode_reward": 711.0, "episode": 218.0, "batch_reward": 1.1396875, "critic_loss": 2.8752718770504, "actor_loss": -123.94301721191407, "alpha_loss": -0.0007701319879852235, "alpha_value": 0.10507028475403786, "duration": 155.64411449432373, "step": 109000}
{"episode_reward": 723.0, "episode": 219.0, "batch_reward": 1.142234375, "critic_loss": 2.6515208241939545, "actor_loss": -124.02004852294922, "alpha_loss": 0.0014260272365063428, "alpha_value": 0.1050242464542389, "duration": 157.01846647262573, "step": 109500}
{"episode_reward": 793.0, "episode": 220.0, "batch_reward": 1.14840625, "critic_loss": 2.894881885766983, "actor_loss": -124.28838928222656, "alpha_loss": -0.0004422757476568222, "alpha_value": 0.10507021471858025, "duration": 162.7678849697113, "step": 110000}
{"episode_reward": 745.0, "episode": 221.0, "batch_reward": 1.14490625, "critic_loss": 2.657067076444626, "actor_loss": -124.43316979980469, "alpha_loss": -0.002067882368341088, "alpha_value": 0.10510890266299247, "duration": 157.73755836486816, "step": 110500}
{"episode_reward": 774.0, "episode": 222.0, "batch_reward": 1.145296875, "critic_loss": 2.8143046729564665, "actor_loss": -124.56733044433594, "alpha_loss": -0.0034116275608539583, "alpha_value": 0.10552681228518486, "duration": 158.50766730308533, "step": 111000}
{"episode_reward": 727.0, "episode": 223.0, "batch_reward": 1.14559375, "critic_loss": 2.753105745077133, "actor_loss": -124.4866326599121, "alpha_loss": 0.0007417149231769145, "alpha_value": 0.10561598950624466, "duration": 157.63016963005066, "step": 111500}
{"episode_reward": 779.0, "episode": 224.0, "batch_reward": 1.149109375, "critic_loss": 2.667306611537933, "actor_loss": -124.6576716003418, "alpha_loss": -0.0005584186604246497, "alpha_value": 0.10559995490312576, "duration": 158.86023950576782, "step": 112000}
{"episode_reward": 753.0, "episode": 225.0, "batch_reward": 1.150484375, "critic_loss": 2.7603501403331756, "actor_loss": -124.89320916748046, "alpha_loss": 0.0008042278694920242, "alpha_value": 0.10564113983511925, "duration": 156.62399816513062, "step": 112500}
{"episode_reward": 765.0, "episode": 226.0, "batch_reward": 1.1531875, "critic_loss": 2.7231682982444765, "actor_loss": -125.02498605346679, "alpha_loss": -0.005257850310765207, "alpha_value": 0.10598441556096078, "duration": 158.4949254989624, "step": 113000}
{"episode_reward": 778.0, "episode": 227.0, "batch_reward": 1.16046875, "critic_loss": 2.6993927509784696, "actor_loss": -125.30424404907227, "alpha_loss": 0.0024920308226719498, "alpha_value": 0.10618163323402405, "duration": 159.52551412582397, "step": 113500}
{"episode_reward": 754.0, "episode": 228.0, "batch_reward": 1.15809375, "critic_loss": 2.782694946050644, "actor_loss": -125.37707916259765, "alpha_loss": 0.0024070256589911877, "alpha_value": 0.1056159847676754, "duration": 157.14297819137573, "step": 114000}
{"episode_reward": 738.0, "episode": 229.0, "batch_reward": 1.1534375, "critic_loss": 2.644649028301239, "actor_loss": -125.42704602050782, "alpha_loss": -0.0031201526485383512, "alpha_value": 0.10593066412210464, "duration": 157.23746752738953, "step": 114500}
{"episode_reward": 791.0, "episode": 230.0, "batch_reward": 1.161703125, "critic_loss": 2.698782592535019, "actor_loss": -125.57711199951171, "alpha_loss": -0.001968028991483152, "alpha_value": 0.10606005880236626, "duration": 156.9924759864807, "step": 115000}
{"episode_reward": 750.0, "episode": 231.0, "batch_reward": 1.163125, "critic_loss": 2.660879940748215, "actor_loss": -125.66131573486328, "alpha_loss": -0.0003779434841126204, "alpha_value": 0.10631498643755913, "duration": 156.36557626724243, "step": 115500}
{"episode_reward": 773.0, "episode": 232.0, "batch_reward": 1.168109375, "critic_loss": 2.633867022037506, "actor_loss": -125.76011779785156, "alpha_loss": -0.0014686427153646946, "alpha_value": 0.10639622020721436, "duration": 158.06693196296692, "step": 116000}
{"episode_reward": 741.0, "episode": 233.0, "batch_reward": 1.163140625, "critic_loss": 2.6539315690994263, "actor_loss": -125.79765734863281, "alpha_loss": -0.002213974790647626, "alpha_value": 0.10670178925991058, "duration": 157.08732509613037, "step": 116500}
{"episode_reward": 769.0, "episode": 234.0, "batch_reward": 1.1685625, "critic_loss": 2.6530106914043428, "actor_loss": -125.99570397949219, "alpha_loss": -0.0032936132745817305, "alpha_value": 0.10698254376649857, "duration": 156.6947865486145, "step": 117000}
{"episode_reward": 737.0, "episode": 235.0, "batch_reward": 1.171890625, "critic_loss": 2.5829837603569032, "actor_loss": -125.96758703613281, "alpha_loss": -0.001762927065603435, "alpha_value": 0.10735548338294029, "duration": 156.7462821006775, "step": 117500}
{"episode_reward": 780.0, "episode": 236.0, "batch_reward": 1.17025, "critic_loss": 2.7012105197906493, "actor_loss": -126.09915762329102, "alpha_loss": 0.0028215308100916444, "alpha_value": 0.10717781510949134, "duration": 157.04937720298767, "step": 118000}
{"episode_reward": 803.0, "episode": 237.0, "batch_reward": 1.172703125, "critic_loss": 2.546442010641098, "actor_loss": -126.28032000732422, "alpha_loss": -0.0017500465805642307, "alpha_value": 0.10718122079968452, "duration": 156.2286295890808, "step": 118500}
{"episode_reward": 766.0, "episode": 238.0, "batch_reward": 1.1713125, "critic_loss": 2.5852210896015166, "actor_loss": -126.22546154785157, "alpha_loss": -0.005246520397253335, "alpha_value": 0.10752644696831704, "duration": 156.65846753120422, "step": 119000}
{"episode_reward": 775.0, "episode": 239.0, "batch_reward": 1.173625, "critic_loss": 2.5273592457771303, "actor_loss": -126.43012780761718, "alpha_loss": 0.00019339405559003352, "alpha_value": 0.10801037839055061, "duration": 156.99389910697937, "step": 119500}
{"episode_reward": 762.0, "episode": 240.0, "batch_reward": 1.17721875, "critic_loss": 2.633788814783096, "actor_loss": -126.55237261962891, "alpha_loss": 3.75567814335227e-05, "alpha_value": 0.10787407344579697, "duration": 160.1987509727478, "step": 120000}
{"episode_reward": 771.0, "episode": 241.0, "batch_reward": 1.18140625, "critic_loss": 2.648292106151581, "actor_loss": -126.57239862060547, "alpha_loss": 0.002144790324382484, "alpha_value": 0.10771145710349082, "duration": 157.8459632396698, "step": 120500}
{"episode_reward": 766.0, "episode": 242.0, "batch_reward": 1.181375, "critic_loss": 2.635251886367798, "actor_loss": -126.73482012939454, "alpha_loss": 0.004246348729357124, "alpha_value": 0.10744881245493888, "duration": 157.35523629188538, "step": 121000}
{"episode_reward": 722.0, "episode": 243.0, "batch_reward": 1.17865625, "critic_loss": 2.664627783536911, "actor_loss": -126.80494696044921, "alpha_loss": 0.00016032692044973374, "alpha_value": 0.10708553871512413, "duration": 156.86818408966064, "step": 121500}
{"episode_reward": 807.0, "episode": 244.0, "batch_reward": 1.185375, "critic_loss": 2.5648265602588656, "actor_loss": -126.88656918334961, "alpha_loss": 0.0018174371235072614, "alpha_value": 0.10686414977908135, "duration": 158.55721735954285, "step": 122000}
{"episode_reward": 798.0, "episode": 245.0, "batch_reward": 1.17996875, "critic_loss": 2.607499861717224, "actor_loss": -127.17040887451172, "alpha_loss": 0.0006789667662233114, "alpha_value": 0.10686922657489777, "duration": 156.72567772865295, "step": 122500}
{"episode_reward": 762.0, "episode": 246.0, "batch_reward": 1.183171875, "critic_loss": 2.609938338756561, "actor_loss": -127.3438920288086, "alpha_loss": -0.0016105056451633573, "alpha_value": 0.1069000340104103, "duration": 160.16747307777405, "step": 123000}
{"episode_reward": 774.0, "episode": 247.0, "batch_reward": 1.19225, "critic_loss": 2.684137064218521, "actor_loss": -127.39303637695312, "alpha_loss": 0.0006948175299912691, "alpha_value": 0.1069607363641262, "duration": 158.1737732887268, "step": 123500}
{"episode_reward": 797.0, "episode": 248.0, "batch_reward": 1.189390625, "critic_loss": 2.6981565306186677, "actor_loss": -127.36325030517578, "alpha_loss": 0.0035723566776141523, "alpha_value": 0.10670138299465179, "duration": 159.2397096157074, "step": 124000}
{"episode_reward": 743.0, "episode": 249.0, "batch_reward": 1.186765625, "critic_loss": 2.6994931221008303, "actor_loss": -127.49685104370117, "alpha_loss": 0.0021205260073766112, "alpha_value": 0.10623348957300185, "duration": 157.49381732940674, "step": 124500}
{"episode_reward": 780.0, "episode": 250.0, "batch_reward": 1.18965625, "critic_loss": 2.668484227180481, "actor_loss": -127.5380691833496, "alpha_loss": 0.00014963523019105197, "alpha_value": 0.10616241264343261, "duration": 155.34830832481384, "step": 125000}
{"episode_reward": 758.0, "episode": 251.0, "batch_reward": 1.1905625, "critic_loss": 2.564603388786316, "actor_loss": -127.68757580566407, "alpha_loss": -0.005613580748438835, "alpha_value": 0.10651997104287148, "duration": 156.98713302612305, "step": 125500}
{"episode_reward": 804.0, "episode": 252.0, "batch_reward": 1.192859375, "critic_loss": 2.7191732745170594, "actor_loss": -127.66957431030274, "alpha_loss": -0.0014290396394208073, "alpha_value": 0.10692077565193177, "duration": 157.3823049068451, "step": 126000}
{"episode_reward": 793.0, "episode": 253.0, "batch_reward": 1.2036875, "critic_loss": 2.615652850151062, "actor_loss": -127.87565902709962, "alpha_loss": -0.00047394169215112924, "alpha_value": 0.10712186855077743, "duration": 161.97165989875793, "step": 126500}
{"episode_reward": 788.0, "episode": 254.0, "batch_reward": 1.194484375, "critic_loss": 2.60770001411438, "actor_loss": -127.87268572998047, "alpha_loss": 0.0018772668656893074, "alpha_value": 0.10711751830577851, "duration": 159.08612370491028, "step": 127000}
{"episode_reward": 753.0, "episode": 255.0, "batch_reward": 1.20103125, "critic_loss": 2.580782782793045, "actor_loss": -127.94205276489258, "alpha_loss": -0.0030806187987327577, "alpha_value": 0.10709898063540459, "duration": 158.6392457485199, "step": 127500}
{"episode_reward": 773.0, "episode": 256.0, "batch_reward": 1.19971875, "critic_loss": 2.4887886266708374, "actor_loss": -128.06962976074217, "alpha_loss": 0.005679509667679668, "alpha_value": 0.10682102966308593, "duration": 162.7579164505005, "step": 128000}
{"episode_reward": 778.0, "episode": 257.0, "batch_reward": 1.205875, "critic_loss": 2.4814872467517852, "actor_loss": -128.21358819580078, "alpha_loss": -0.0036170449052006005, "alpha_value": 0.10669629046320915, "duration": 159.78184247016907, "step": 128500}
{"episode_reward": 761.0, "episode": 258.0, "batch_reward": 1.202421875, "critic_loss": 2.6207360205650327, "actor_loss": -128.34291320800781, "alpha_loss": 0.0013959683813154697, "alpha_value": 0.10702910923957824, "duration": 157.57998847961426, "step": 129000}
{"episode_reward": 776.0, "episode": 259.0, "batch_reward": 1.20696875, "critic_loss": 2.69571662402153, "actor_loss": -128.37442288208007, "alpha_loss": -0.005399411683902145, "alpha_value": 0.10718474957346916, "duration": 156.1871337890625, "step": 129500}
{"episode_reward": 786.0, "episode": 260.0, "batch_reward": 1.209265625, "critic_loss": 2.5316937129497528, "actor_loss": -128.4983775024414, "alpha_loss": 0.003152466810308397, "alpha_value": 0.10738270252943038, "duration": 156.6536509990692, "step": 130000}
{"episode_reward": 807.0, "episode": 261.0, "batch_reward": 1.200421875, "critic_loss": 2.5282361030578615, "actor_loss": -128.6815701599121, "alpha_loss": 0.0039958621263504026, "alpha_value": 0.10678957122564316, "duration": 161.52525520324707, "step": 130500}
{"episode_reward": 800.0, "episode": 262.0, "batch_reward": 1.2056875, "critic_loss": 2.6473592801094057, "actor_loss": -128.72469311523437, "alpha_loss": 0.003949473126791418, "alpha_value": 0.10633469372987747, "duration": 156.55747151374817, "step": 131000}
{"episode_reward": 773.0, "episode": 263.0, "batch_reward": 1.20646875, "critic_loss": 2.7079198396205904, "actor_loss": -128.7465740661621, "alpha_loss": -0.004419630698859691, "alpha_value": 0.10643290463089942, "duration": 158.7177665233612, "step": 131500}
{"episode_reward": 737.0, "episode": 264.0, "batch_reward": 1.214734375, "critic_loss": 2.6615845081806184, "actor_loss": -128.84986822509765, "alpha_loss": 0.0012322557102888822, "alpha_value": 0.10653537490963935, "duration": 157.22196674346924, "step": 132000}
{"episode_reward": 737.0, "episode": 265.0, "batch_reward": 1.208671875, "critic_loss": 2.5097358758449553, "actor_loss": -128.96399996948242, "alpha_loss": -0.00034648013208061454, "alpha_value": 0.10646889850497246, "duration": 158.0023329257965, "step": 132500}
{"episode_reward": 805.0, "episode": 266.0, "batch_reward": 1.218828125, "critic_loss": 2.5335661234855653, "actor_loss": -129.03342028808595, "alpha_loss": -0.0022796919248066843, "alpha_value": 0.10675992348790168, "duration": 158.37542486190796, "step": 133000}
{"episode_reward": 795.0, "episode": 267.0, "batch_reward": 1.21109375, "critic_loss": 2.643372037410736, "actor_loss": -128.9578128051758, "alpha_loss": 0.0002773083271458745, "alpha_value": 0.10671636942028999, "duration": 158.75652647018433, "step": 133500}
{"episode_reward": 775.0, "episode": 268.0, "batch_reward": 1.209859375, "critic_loss": 2.635147335767746, "actor_loss": -129.09299169921874, "alpha_loss": -0.003328497934155166, "alpha_value": 0.1069103619158268, "duration": 158.10866379737854, "step": 134000}
{"episode_reward": 796.0, "episode": 269.0, "batch_reward": 1.217140625, "critic_loss": 2.5709124619960786, "actor_loss": -129.2686990661621, "alpha_loss": -0.0029177034385502337, "alpha_value": 0.1074407784640789, "duration": 155.04686999320984, "step": 134500}
{"episode_reward": 778.0, "episode": 270.0, "batch_reward": 1.216265625, "critic_loss": 2.790883734703064, "actor_loss": -129.38510070800783, "alpha_loss": -0.002577542778104544, "alpha_value": 0.1077397665977478, "duration": 156.22344303131104, "step": 135000}
{"episode_reward": 804.0, "episode": 271.0, "batch_reward": 1.224875, "critic_loss": 2.598563538789749, "actor_loss": -129.41373101806641, "alpha_loss": -0.0017526028477586806, "alpha_value": 0.10798142403364182, "duration": 159.9409773349762, "step": 135500}
{"episode_reward": 732.0, "episode": 272.0, "batch_reward": 1.2183125, "critic_loss": 2.8030111348628997, "actor_loss": -129.45049697875976, "alpha_loss": -0.0010699917664751411, "alpha_value": 0.10820043388009071, "duration": 158.49325895309448, "step": 136000}
{"episode_reward": 753.0, "episode": 273.0, "batch_reward": 1.220140625, "critic_loss": 2.719681174993515, "actor_loss": -129.56095877075197, "alpha_loss": -0.0006091254316270352, "alpha_value": 0.10843416786193848, "duration": 159.34852075576782, "step": 136500}
{"episode_reward": 814.0, "episode": 274.0, "batch_reward": 1.2238125, "critic_loss": 2.695477658033371, "actor_loss": -129.74161560058593, "alpha_loss": 0.002355093871243298, "alpha_value": 0.10808225971460342, "duration": 157.9854884147644, "step": 137000}
{"episode_reward": 793.0, "episode": 275.0, "batch_reward": 1.228109375, "critic_loss": 2.7472288048267366, "actor_loss": -129.90941091918944, "alpha_loss": -0.0015765659224707632, "alpha_value": 0.10825269103050232, "duration": 158.3029592037201, "step": 137500}
{"episode_reward": 736.0, "episode": 276.0, "batch_reward": 1.2215, "critic_loss": 2.7022052319049834, "actor_loss": -130.09897091674804, "alpha_loss": 0.001254703643731773, "alpha_value": 0.10824295106530189, "duration": 157.4646716117859, "step": 138000}
{"episode_reward": 764.0, "episode": 277.0, "batch_reward": 1.227203125, "critic_loss": 2.6552939746379853, "actor_loss": -130.02117218017577, "alpha_loss": 0.002480435000732541, "alpha_value": 0.10811467483639717, "duration": 158.54918384552002, "step": 138500}
{"episode_reward": 784.0, "episode": 278.0, "batch_reward": 1.229015625, "critic_loss": 2.60368918633461, "actor_loss": -130.21426440429687, "alpha_loss": 0.002979055354371667, "alpha_value": 0.10748584067821502, "duration": 159.03821921348572, "step": 139000}
{"episode_reward": 772.0, "episode": 279.0, "batch_reward": 1.230171875, "critic_loss": 2.594597665309906, "actor_loss": -130.2667512817383, "alpha_loss": -0.004820614637807011, "alpha_value": 0.10773987179994583, "duration": 158.1346800327301, "step": 139500}
{"episode_reward": 770.0, "episode": 280.0, "batch_reward": 1.228890625, "critic_loss": 2.669663954257965, "actor_loss": -130.31487030029297, "alpha_loss": -0.0038726155729964374, "alpha_value": 0.10843599081039429, "duration": 159.85104036331177, "step": 140000}
{"episode_reward": 779.0, "episode": 281.0, "batch_reward": 1.22728125, "critic_loss": 2.716048565149307, "actor_loss": -130.3504404296875, "alpha_loss": -0.004107817039359361, "alpha_value": 0.10893119475245476, "duration": 156.59955596923828, "step": 140500}
{"episode_reward": 804.0, "episode": 282.0, "batch_reward": 1.228734375, "critic_loss": 2.6227792613506318, "actor_loss": -130.2906979370117, "alpha_loss": -0.0019482662584632635, "alpha_value": 0.10915730246901512, "duration": 157.73932719230652, "step": 141000}
{"episode_reward": 748.0, "episode": 283.0, "batch_reward": 1.23246875, "critic_loss": 2.625559156894684, "actor_loss": -130.4140659790039, "alpha_loss": 0.0005149552412331104, "alpha_value": 0.10935901206731796, "duration": 160.28535437583923, "step": 141500}
{"episode_reward": 819.0, "episode": 284.0, "batch_reward": 1.232015625, "critic_loss": 2.6981183626651766, "actor_loss": -130.44070513916014, "alpha_loss": 0.0031808408806100487, "alpha_value": 0.1090951786339283, "duration": 159.34379601478577, "step": 142000}
{"episode_reward": 737.0, "episode": 285.0, "batch_reward": 1.236, "critic_loss": 2.7358813786506655, "actor_loss": -130.51083068847657, "alpha_loss": 0.003034828676376492, "alpha_value": 0.10860113593935966, "duration": 156.6204433441162, "step": 142500}
{"episode_reward": 781.0, "episode": 286.0, "batch_reward": 1.237546875, "critic_loss": 2.721132987976074, "actor_loss": -130.7128783569336, "alpha_loss": -0.0011339239664375782, "alpha_value": 0.10857996568083764, "duration": 161.09129095077515, "step": 143000}
{"episode_reward": 772.0, "episode": 287.0, "batch_reward": 1.236796875, "critic_loss": 2.5996561975479127, "actor_loss": -130.7256513671875, "alpha_loss": -0.0035751579310745003, "alpha_value": 0.10871492174267769, "duration": 164.70992708206177, "step": 143500}
{"episode_reward": 775.0, "episode": 288.0, "batch_reward": 1.24096875, "critic_loss": 2.697277351856232, "actor_loss": -130.78103814697266, "alpha_loss": 0.001894824276212603, "alpha_value": 0.10902582868933677, "duration": 102.33559250831604, "step": 144000}
{"episode_reward": 780.0, "episode": 289.0, "batch_reward": 1.2411875, "critic_loss": 2.5231055548191073, "actor_loss": -130.81256903076172, "alpha_loss": -0.004529628622345626, "alpha_value": 0.10907653814554215, "duration": 104.75013661384583, "step": 144500}
{"episode_reward": 803.0, "episode": 290.0, "batch_reward": 1.235234375, "critic_loss": 2.564051048755646, "actor_loss": -130.82039495849608, "alpha_loss": 0.0027062596869654953, "alpha_value": 0.10940801182389259, "duration": 105.07759547233582, "step": 145000}
{"episode_reward": 805.0, "episode": 291.0, "batch_reward": 1.240515625, "critic_loss": 2.605827246904373, "actor_loss": -131.01084716796876, "alpha_loss": -0.0015029682386666536, "alpha_value": 0.10904904875159263, "duration": 106.84970712661743, "step": 145500}
{"episode_reward": 814.0, "episode": 292.0, "batch_reward": 1.247234375, "critic_loss": 2.696657644033432, "actor_loss": -130.9852044067383, "alpha_loss": -0.0028888565385714175, "alpha_value": 0.10948574948310852, "duration": 99.92080640792847, "step": 146000}
{"episode_reward": 782.0, "episode": 293.0, "batch_reward": 1.2470625, "critic_loss": 2.6799034638404846, "actor_loss": -131.14758685302735, "alpha_loss": 0.00018642121087759732, "alpha_value": 0.10966914731264114, "duration": 103.87915277481079, "step": 146500}
{"episode_reward": 836.0, "episode": 294.0, "batch_reward": 1.244890625, "critic_loss": 2.6374194765090944, "actor_loss": -131.25531127929688, "alpha_loss": -0.000252924770116806, "alpha_value": 0.10945728811621666, "duration": 102.16314911842346, "step": 147000}
{"episode_reward": 785.0, "episode": 295.0, "batch_reward": 1.246796875, "critic_loss": 2.5917098524570465, "actor_loss": -131.24148126220703, "alpha_loss": 1.1267623864114285e-05, "alpha_value": 0.10975142985582352, "duration": 102.8656747341156, "step": 147500}
{"episode_reward": 785.0, "episode": 296.0, "batch_reward": 1.247296875, "critic_loss": 2.6917024431228636, "actor_loss": -131.4384087524414, "alpha_loss": -0.0028712984411977233, "alpha_value": 0.10990833979845047, "duration": 104.77307176589966, "step": 148000}
{"episode_reward": 832.0, "episode": 297.0, "batch_reward": 1.2486875, "critic_loss": 2.683656920671463, "actor_loss": -131.50635662841796, "alpha_loss": 0.0008308140197768808, "alpha_value": 0.11014567622542382, "duration": 104.47105836868286, "step": 148500}
{"episode_reward": 777.0, "episode": 298.0, "batch_reward": 1.251765625, "critic_loss": 2.7467441375255586, "actor_loss": -131.41960461425782, "alpha_loss": -0.0024609500067308545, "alpha_value": 0.11005290573835373, "duration": 102.34392714500427, "step": 149000}
{"episode_reward": 786.0, "episode": 299.0, "batch_reward": 1.251015625, "critic_loss": 2.82828675198555, "actor_loss": -131.50874768066407, "alpha_loss": -0.003190734751522541, "alpha_value": 0.11059237733483314, "duration": 103.11571645736694, "step": 149500}
{"episode_reward": 742.0, "episode": 300.0, "batch_reward": 1.254640625, "critic_loss": 2.6154388337135317, "actor_loss": -131.45567138671876, "alpha_loss": -0.0002349223759956658, "alpha_value": 0.11073160043358803, "duration": 104.204993724823, "step": 150000}
{"episode_reward": 737.0, "episode": 301.0, "batch_reward": 1.247453125, "critic_loss": 2.717048432588577, "actor_loss": -131.48414666748047, "alpha_loss": -0.0022838832447305323, "alpha_value": 0.11075203642249107, "duration": 98.84402179718018, "step": 150500}
{"episode_reward": 818.0, "episode": 302.0, "batch_reward": 1.256359375, "critic_loss": 2.7506163771152496, "actor_loss": -131.58293682861327, "alpha_loss": 0.003241673762910068, "alpha_value": 0.11089465600252152, "duration": 98.26417279243469, "step": 151000}
{"episode_reward": 731.0, "episode": 303.0, "batch_reward": 1.253859375, "critic_loss": 2.6133858482837677, "actor_loss": -131.55884979248046, "alpha_loss": 0.0012737345080822706, "alpha_value": 0.11030526259541512, "duration": 101.00467610359192, "step": 151500}
{"episode_reward": 807.0, "episode": 304.0, "batch_reward": 1.253609375, "critic_loss": 2.5621804885864257, "actor_loss": -131.7832671508789, "alpha_loss": -0.004009426364675164, "alpha_value": 0.11048573926091194, "duration": 99.49109387397766, "step": 152000}
{"episode_reward": 794.0, "episode": 305.0, "batch_reward": 1.256234375, "critic_loss": 2.6672803769111635, "actor_loss": -131.6522145385742, "alpha_loss": 0.0030580794299021365, "alpha_value": 0.11069552215933799, "duration": 97.79545283317566, "step": 152500}
{"episode_reward": 808.0, "episode": 306.0, "batch_reward": 1.25190625, "critic_loss": 2.724247797727585, "actor_loss": -131.76619512939453, "alpha_loss": -0.0003063308671116829, "alpha_value": 0.1105567798614502, "duration": 102.83179235458374, "step": 153000}
{"episode_reward": 747.0, "episode": 307.0, "batch_reward": 1.2613125, "critic_loss": 2.6325900552272796, "actor_loss": -131.95732049560547, "alpha_loss": -0.0022933969758450984, "alpha_value": 0.11072268551588059, "duration": 103.25864100456238, "step": 153500}
{"episode_reward": 756.0, "episode": 308.0, "batch_reward": 1.25775, "critic_loss": 2.7430555732250212, "actor_loss": -131.95208953857423, "alpha_loss": -0.0038302467074245216, "alpha_value": 0.11116540494561196, "duration": 102.8618905544281, "step": 154000}
{"episode_reward": 806.0, "episode": 309.0, "batch_reward": 1.2679375, "critic_loss": 2.7459230349063874, "actor_loss": -131.96617498779298, "alpha_loss": 0.00023045864794403315, "alpha_value": 0.11127048340439796, "duration": 98.92786812782288, "step": 154500}
{"episode_reward": 806.0, "episode": 310.0, "batch_reward": 1.26584375, "critic_loss": 2.6237615139484407, "actor_loss": -131.97536151123046, "alpha_loss": 0.0004377108169719577, "alpha_value": 0.11131088799238205, "duration": 97.63640785217285, "step": 155000}
{"episode_reward": 814.0, "episode": 311.0, "batch_reward": 1.26015625, "critic_loss": 2.6811929347515107, "actor_loss": -132.19845043945313, "alpha_loss": 0.0047130931951105594, "alpha_value": 0.11099133682250976, "duration": 99.09295010566711, "step": 155500}
{"episode_reward": 797.0, "episode": 312.0, "batch_reward": 1.266796875, "critic_loss": 2.6196836631298064, "actor_loss": -132.08704412841797, "alpha_loss": -0.0004896921413019299, "alpha_value": 0.11063913604617119, "duration": 99.8178825378418, "step": 156000}
{"episode_reward": 789.0, "episode": 313.0, "batch_reward": 1.26921875, "critic_loss": 2.6955084807872773, "actor_loss": -132.13358825683594, "alpha_loss": -0.00018852240871638059, "alpha_value": 0.11068868452310562, "duration": 101.9176709651947, "step": 156500}
{"episode_reward": 799.0, "episode": 314.0, "batch_reward": 1.260390625, "critic_loss": 2.528668174505234, "actor_loss": -132.0463603515625, "alpha_loss": -0.001586522849276662, "alpha_value": 0.11080866459012031, "duration": 99.0333240032196, "step": 157000}
{"episode_reward": 762.0, "episode": 315.0, "batch_reward": 1.267546875, "critic_loss": 2.7220391459465025, "actor_loss": -132.17179522705078, "alpha_loss": -0.007061796541325748, "alpha_value": 0.11130613499879836, "duration": 98.6822624206543, "step": 157500}
{"episode_reward": 768.0, "episode": 316.0, "batch_reward": 1.266984375, "critic_loss": 2.6704530563354494, "actor_loss": -132.19738842773438, "alpha_loss": -0.0020565769290551545, "alpha_value": 0.11199480640888214, "duration": 99.36218285560608, "step": 158000}
{"episode_reward": 811.0, "episode": 317.0, "batch_reward": 1.27003125, "critic_loss": 2.6144172434806823, "actor_loss": -132.35647888183593, "alpha_loss": -0.0018253766624256968, "alpha_value": 0.1123548988699913, "duration": 99.75063967704773, "step": 158500}
{"episode_reward": 855.0, "episode": 318.0, "batch_reward": 1.269203125, "critic_loss": 2.646545963048935, "actor_loss": -132.4545963745117, "alpha_loss": -0.0004910091035999357, "alpha_value": 0.11240633741021157, "duration": 97.07245111465454, "step": 159000}
{"episode_reward": 801.0, "episode": 319.0, "batch_reward": 1.271203125, "critic_loss": 2.706220021486282, "actor_loss": -132.50827032470704, "alpha_loss": 3.963020397350192e-05, "alpha_value": 0.11240083280205726, "duration": 100.47531819343567, "step": 159500}
{"episode_reward": 803.0, "episode": 320.0, "batch_reward": 1.264515625, "critic_loss": 2.6185786845684054, "actor_loss": -132.60758331298828, "alpha_loss": -0.002604030419141054, "alpha_value": 0.11260766249895096, "duration": 98.61317944526672, "step": 160000}
{"episode_reward": 829.0, "episode": 321.0, "batch_reward": 1.2750625, "critic_loss": 2.6467323303222656, "actor_loss": -132.67023132324218, "alpha_loss": -0.00018714087642729283, "alpha_value": 0.1126920422911644, "duration": 99.97351336479187, "step": 160500}
{"episode_reward": 787.0, "episode": 322.0, "batch_reward": 1.27640625, "critic_loss": 2.703178756713867, "actor_loss": -132.7888511352539, "alpha_loss": -0.0002498472696170211, "alpha_value": 0.11270426526665688, "duration": 98.70587635040283, "step": 161000}
{"episode_reward": 797.0, "episode": 323.0, "batch_reward": 1.279390625, "critic_loss": 2.580549764871597, "actor_loss": -132.7361015625, "alpha_loss": 0.005325017098337412, "alpha_value": 0.11253622862696648, "duration": 97.0743350982666, "step": 161500}
{"episode_reward": 789.0, "episode": 324.0, "batch_reward": 1.2823125, "critic_loss": 2.558652186155319, "actor_loss": -132.81679772949218, "alpha_loss": -0.0025332798333838583, "alpha_value": 0.11221791929006576, "duration": 97.95169758796692, "step": 162000}
{"episode_reward": 775.0, "episode": 325.0, "batch_reward": 1.275, "critic_loss": 2.6578164758682252, "actor_loss": -132.81882647705078, "alpha_loss": 0.0005014771837741136, "alpha_value": 0.11243406561017036, "duration": 98.40405011177063, "step": 162500}
{"episode_reward": 842.0, "episode": 326.0, "batch_reward": 1.2784375, "critic_loss": 2.5937378280162813, "actor_loss": -132.90252954101564, "alpha_loss": 0.0053489563157781955, "alpha_value": 0.11199013337492943, "duration": 97.76239013671875, "step": 163000}
{"episode_reward": 843.0, "episode": 327.0, "batch_reward": 1.281359375, "critic_loss": 2.6428007600307466, "actor_loss": -132.90993475341796, "alpha_loss": -0.00380566435912624, "alpha_value": 0.1119223978817463, "duration": 102.97436690330505, "step": 163500}
{"episode_reward": 811.0, "episode": 328.0, "batch_reward": 1.279265625, "critic_loss": 2.617312146425247, "actor_loss": -132.95766619873046, "alpha_loss": -0.004861678630113601, "alpha_value": 0.11250375610589981, "duration": 103.31281995773315, "step": 164000}
{"episode_reward": 840.0, "episode": 329.0, "batch_reward": 1.2889375, "critic_loss": 2.668286143064499, "actor_loss": -133.05968005371093, "alpha_loss": 0.006583035008981824, "alpha_value": 0.11244069582223892, "duration": 100.45833396911621, "step": 164500}
{"episode_reward": 796.0, "episode": 330.0, "batch_reward": 1.2834375, "critic_loss": 2.7572876799106596, "actor_loss": -133.10301892089845, "alpha_loss": -0.002652830962091684, "alpha_value": 0.11210116630792617, "duration": 102.05692100524902, "step": 165000}
{"episode_reward": 811.0, "episode": 331.0, "batch_reward": 1.289, "critic_loss": 2.670056644678116, "actor_loss": -133.04630627441406, "alpha_loss": 0.00027565571665763854, "alpha_value": 0.11221772503852845, "duration": 102.24645829200745, "step": 165500}
{"episode_reward": 788.0, "episode": 332.0, "batch_reward": 1.290625, "critic_loss": 2.687846265077591, "actor_loss": -132.97343914794922, "alpha_loss": -0.002289578717201948, "alpha_value": 0.1122846173942089, "duration": 99.74089813232422, "step": 166000}
{"episode_reward": 806.0, "episode": 333.0, "batch_reward": 1.28534375, "critic_loss": 2.71519935631752, "actor_loss": -133.0369816894531, "alpha_loss": -0.004260745653882622, "alpha_value": 0.11294910380244255, "duration": 99.35250353813171, "step": 166500}
{"episode_reward": 812.0, "episode": 334.0, "batch_reward": 1.28696875, "critic_loss": 2.91700363945961, "actor_loss": -133.11688275146486, "alpha_loss": -0.0035490433420054613, "alpha_value": 0.11353130769729615, "duration": 102.34881663322449, "step": 167000}
{"episode_reward": 804.0, "episode": 335.0, "batch_reward": 1.289109375, "critic_loss": 2.6770436415672303, "actor_loss": -133.11154779052734, "alpha_loss": 0.0014195540715008974, "alpha_value": 0.1133828732073307, "duration": 97.00008296966553, "step": 167500}
{"episode_reward": 780.0, "episode": 336.0, "batch_reward": 1.28625, "critic_loss": 2.645967986822128, "actor_loss": -133.18911437988282, "alpha_loss": 0.0018827462354674936, "alpha_value": 0.11331508180499077, "duration": 102.12221670150757, "step": 168000}
{"episode_reward": 801.0, "episode": 337.0, "batch_reward": 1.289359375, "critic_loss": 2.779807860851288, "actor_loss": -133.35633477783202, "alpha_loss": -0.0022443273533135654, "alpha_value": 0.1131471174955368, "duration": 100.60882520675659, "step": 168500}
{"episode_reward": 800.0, "episode": 338.0, "batch_reward": 1.296171875, "critic_loss": 2.6551143369674683, "actor_loss": -133.33804821777343, "alpha_loss": -0.0031083529200404882, "alpha_value": 0.11366831144690513, "duration": 100.18195295333862, "step": 169000}
{"episode_reward": 801.0, "episode": 339.0, "batch_reward": 1.29075, "critic_loss": 2.764268396139145, "actor_loss": -133.42736901855469, "alpha_loss": 0.007423091875389218, "alpha_value": 0.11330762726068497, "duration": 119.25468254089355, "step": 169500}
{"episode_reward": 794.0, "episode": 340.0, "batch_reward": 1.293234375, "critic_loss": 2.7482034561634063, "actor_loss": -133.23395751953126, "alpha_loss": -0.0007648713476955891, "alpha_value": 0.11300302967429161, "duration": 156.80901908874512, "step": 170000}
{"episode_reward": 818.0, "episode": 341.0, "batch_reward": 1.289109375, "critic_loss": 2.6267042427062988, "actor_loss": -133.2181567993164, "alpha_loss": -0.000143352004699409, "alpha_value": 0.11301411792635918, "duration": 160.0440330505371, "step": 170500}
{"episode_reward": 813.0, "episode": 342.0, "batch_reward": 1.296109375, "critic_loss": 2.6763514809608457, "actor_loss": -133.38935998535158, "alpha_loss": 0.0036844020513817667, "alpha_value": 0.11250852110981942, "duration": 156.53216004371643, "step": 171000}
{"episode_reward": 825.0, "episode": 343.0, "batch_reward": 1.294515625, "critic_loss": 2.7692465381622315, "actor_loss": -133.5636187133789, "alpha_loss": -0.0015534279821440577, "alpha_value": 0.11246367338299751, "duration": 161.5679178237915, "step": 171500}
{"episode_reward": 799.0, "episode": 344.0, "batch_reward": 1.29740625, "critic_loss": 2.7674930028915403, "actor_loss": -133.57647369384765, "alpha_loss": 0.0028259358359500764, "alpha_value": 0.11250741747021675, "duration": 160.8738362789154, "step": 172000}
{"episode_reward": 742.0, "episode": 345.0, "batch_reward": 1.299046875, "critic_loss": 2.7649711270332338, "actor_loss": -133.6889832763672, "alpha_loss": 0.0005271321670152247, "alpha_value": 0.11232986074686051, "duration": 159.97653079032898, "step": 172500}
{"episode_reward": 859.0, "episode": 346.0, "batch_reward": 1.300875, "critic_loss": 2.6533581857681274, "actor_loss": -133.7144603881836, "alpha_loss": 0.0014463563188910485, "alpha_value": 0.11210335212945938, "duration": 157.2460479736328, "step": 173000}
{"episode_reward": 798.0, "episode": 347.0, "batch_reward": 1.30465625, "critic_loss": 2.606994708776474, "actor_loss": -133.88142004394533, "alpha_loss": 0.0007179816449061036, "alpha_value": 0.1121138379573822, "duration": 156.7737979888916, "step": 173500}
{"episode_reward": 815.0, "episode": 348.0, "batch_reward": 1.297875, "critic_loss": 2.697300184011459, "actor_loss": -133.83844982910156, "alpha_loss": -0.001790117308497429, "alpha_value": 0.11194997349381447, "duration": 157.04797101020813, "step": 174000}
{"episode_reward": 806.0, "episode": 349.0, "batch_reward": 1.302671875, "critic_loss": 2.7898050091266633, "actor_loss": -133.91713507080078, "alpha_loss": -0.006781312644481659, "alpha_value": 0.11257946529984474, "duration": 156.85631227493286, "step": 174500}
{"episode_reward": 816.0, "episode": 350.0, "batch_reward": 1.302953125, "critic_loss": 2.714308033466339, "actor_loss": -133.8950725097656, "alpha_loss": 0.00030104943737387655, "alpha_value": 0.11310829946398734, "duration": 158.7097806930542, "step": 175000}
{"episode_reward": 815.0, "episode": 351.0, "batch_reward": 1.296328125, "critic_loss": 2.6828172199726104, "actor_loss": -133.79745666503905, "alpha_loss": -0.001960842637345195, "alpha_value": 0.11316594836115837, "duration": 156.4120705127716, "step": 175500}
{"episode_reward": 768.0, "episode": 352.0, "batch_reward": 1.303921875, "critic_loss": 2.5910132558345795, "actor_loss": -134.13891711425782, "alpha_loss": -0.002742153597995639, "alpha_value": 0.11361549600958824, "duration": 157.9313325881958, "step": 176000}
{"episode_reward": 806.0, "episode": 353.0, "batch_reward": 1.299984375, "critic_loss": 2.6483586542606354, "actor_loss": -134.09685668945312, "alpha_loss": 0.0001416240418329835, "alpha_value": 0.11368646338582039, "duration": 160.72455167770386, "step": 176500}
{"episode_reward": 783.0, "episode": 354.0, "batch_reward": 1.3040625, "critic_loss": 2.7413728289604187, "actor_loss": -134.13117108154296, "alpha_loss": 0.0035738337775692345, "alpha_value": 0.11338822469115258, "duration": 157.19701194763184, "step": 177000}
{"episode_reward": 793.0, "episode": 355.0, "batch_reward": 1.30846875, "critic_loss": 2.628135622262955, "actor_loss": -134.18607873535157, "alpha_loss": -0.0043908292092382905, "alpha_value": 0.11342871907353401, "duration": 158.1634225845337, "step": 177500}
{"episode_reward": 806.0, "episode": 356.0, "batch_reward": 1.312671875, "critic_loss": 2.5644722896814347, "actor_loss": -134.2796069946289, "alpha_loss": 0.00520447263866663, "alpha_value": 0.11346830055117607, "duration": 158.82305765151978, "step": 178000}
{"episode_reward": 807.0, "episode": 357.0, "batch_reward": 1.307890625, "critic_loss": 2.562226802110672, "actor_loss": -134.21229553222656, "alpha_loss": 0.0015145724914036691, "alpha_value": 0.11307655897736549, "duration": 157.7730050086975, "step": 178500}
{"episode_reward": 777.0, "episode": 358.0, "batch_reward": 1.30875, "critic_loss": 2.6070752494335174, "actor_loss": -134.25479113769532, "alpha_loss": 0.0028340624375268815, "alpha_value": 0.11257380098104477, "duration": 160.34441494941711, "step": 179000}
